2014.11.07 16:48:28 Openfire stopped
2014.11.07 16:48:28 Server halted
014.11.07 16:48:20 Multi User Chat domain: conference.daragh-vpceh1j1e
2014.11.07 16:48:20 Openfire 3.6.4 [Nov 7, 2014 4:48:20 PM]
2014.11.07 16:48:22 Admin console listening at:
  http://daragh-vpceh1j1e:9090
  https://daragh-vpceh1j1e:9091
2014.11.07 16:48:22 Chinese Wall Plugin loaded...
2014.11.07 16:48:24 Packet Filter loaded...
2014.11.07 16:48:26 Openfire stopped
2014.11.07 16:48:26 Server halted
2014.11.07 16:48:33 Publish-Subscribe domain: pubsub.daragh-vpceh1j1e
2014.11.07 16:48:33 Multi User Chat domain: conference.daragh-vpceh1j1e
2014.11.07 16:48:33 Openfire 3.6.4 [Nov 7, 2014 4:48:33 PM]
2014.11.07 16:48:35 Admin console listening at:
  http://daragh-vpceh1j1e:9090
  https://daragh-vpceh1j1e:9091
2014.11.07 16:48:35 Chinese Wall Plugin loaded...
2014.11.07 16:48:36 Packet Filter loaded...
2014.11.07 16:48:37 Started server (unencrypted) socket on port: 5269
2014.11.07 16:48:37 Started plain (unencrypted) socket on port: 5222
2014.11.07 16:48:37 Started SSL (encrypted) socket on port: 5223
2014.11.07 16:48:38 CHINESEWALL : Dropping from daragh@daragh-vpceh1j1e to daragh@daragh-vpceh1j1e : null
2014.11.07 16:48:41 TEST : null
2014.11.07 16:48:41 TEST : null
2014.11.07 16:49:05 TEST : null
2014.11.07 16:49:05 TEST : null
2014.11.07 16:49:52 TEST : null
2014.11.07 16:49:53 TEST : null
2014.11.07 16:50:30 Openfire stopped
2014.11.07 16:50:30 Server halted
2014.11.07 16:50:41 Publish-Subscribe domain: pubsub.daragh-vpceh1j1e
2014.11.07 16:50:41 Multi User Chat domain: conference.daragh-vpceh1j1e
2014.11.07 16:50:42 Openfire 3.6.4 [Nov 7, 2014 4:50:42 PM]
2014.11.07 16:50:43 Admin console listening at:
  http://daragh-vpceh1j1e:9090
  https://daragh-vpceh1j1e:9091
2014.11.07 16:50:43 Chinese Wall Plugin loaded...
2014.11.07 16:50:45 Packet Filter loaded...
2014.11.07 16:50:45 Started server (unencrypted) socket on port: 5269
2014.11.07 16:50:45 Started plain (unencrypted) socket on port: 5222
2014.11.07 16:50:45 Started SSL (encrypted) socket on port: 5223
2014.11.07 16:50:52 CHINESEWALL : Dropping from daragh@daragh-vpceh1j1e to daragh@daragh-vpceh1j1e : null
2014.11.07 16:51:21 Openfire stopped
2014.11.07 16:51:21 Server halted
2014.11.07 16:51:30 Publish-Subscribe domain: pubsub.daragh-vpceh1j1e
2014.11.07 16:51:30 Multi User Chat domain: conference.daragh-vpceh1j1e
2014.11.07 16:51:31 Openfire 3.6.4 [Nov 7, 2014 4:51:31 PM]
2014.11.07 16:51:33 Admin console listening at:
  http://daragh-vpceh1j1e:9090
  https://daragh-vpceh1j1e:9091
2014.11.07 16:51:33 Chinese Wall Plugin loaded...
2014.11.07 16:51:34 Packet Filter loaded...
2014.11.07 16:51:35 Started server (unencrypted) socket on port: 5269
2014.11.07 16:51:35 Started plain (unencrypted) socket on port: 5222
2014.11.07 16:51:35 Started SSL (encrypted) socket on port: 5223
2014.11.07 16:52:52 Openfire stopped
2014.11.07 16:52:52 Server halted
2014.11.07 16:53:24 Publish-Subscribe domain: pubsub.daragh-vpceh1j1e
2014.11.07 16:53:24 Multi User Chat domain: conference.daragh-vpceh1j1e
2014.11.07 16:53:25 Openfire 3.6.4 [Nov 7, 2014 4:53:25 PM]
2014.11.07 16:53:26 Admin console listening at:
  http://daragh-vpceh1j1e:9090
  https://daragh-vpceh1j1e:9091
2014.11.07 16:53:27 Chinese Wall Plugin loaded...
2014.11.07 16:53:28 Packet Filter loaded...
2014.11.07 16:53:29 Started server (unencrypted) socket on port: 5269
2014.11.07 16:53:29 Started plain (unencrypted) socket on port: 5222
2014.11.07 16:53:29 Started SSL (encrypted) socket on port: 5223
2014.11.07 16:56:40 Openfire stopped
2014.11.07 16:56:40 Server halted
2014.11.07 16:57:22 Publish-Subscribe domain: pubsub.daragh-vpceh1j1e
2014.11.07 16:57:22 Multi User Chat domain: conference.daragh-vpceh1j1e
2014.11.07 16:57:22 Openfire 3.6.4 [Nov 7, 2014 4:57:22 PM]
2014.11.07 16:57:24 Admin console listening at:
  http://daragh-vpceh1j1e:9090
  https://daragh-vpceh1j1e:9091
2014.11.07 16:57:24 Chinese Wall Plugin loaded...
2014.11.07 16:57:25 Packet Filter loaded...
2014.11.07 16:57:26 Started server (unencrypted) socket on port: 5269
2014.11.07 16:57:26 Started plain (unencrypted) socket on port: 5222
2014.11.07 16:57:26 Started SSL (encrypted) socket on port: 5223
2014.11.07 16:58:49 Openfire stopped
2014.11.07 16:58:49 Server halted
2014.11.07 16:59:03 Publish-Subscribe domain: pubsub.daragh-vpceh1j1e
2014.11.07 16:59:03 Multi User Chat domain: conference.daragh-vpceh1j1e
2014.11.07 16:59:03 Openfire 3.6.4 [Nov 7, 2014 4:59:03 PM]
2014.11.07 16:59:05 Admin console listening at:
  http://daragh-vpceh1j1e:9090
  https://daragh-vpceh1j1e:9091
2014.11.07 16:59:05 Chinese Wall Plugin loaded...
2014.11.07 16:59:06 Packet Filter loaded...
2014.11.07 16:59:07 Started server (unencrypted) socket on port: 5269
2014.11.07 16:59:07 Started plain (unencrypted) socket on port: 5222
2014.11.07 16:59:07 Started SSL (encrypted) socket on port: 5223
2014.11.07 17:07:29 Openfire stopped
2014.11.07 17:07:29 Server halted
2014.11.07 17:11:36 Publish-Subscribe domain: pubsub.daragh-vpceh1j1e
2014.11.07 17:11:36 Multi User Chat domain: conference.daragh-vpceh1j1e
2014.11.07 17:11:37 Openfire 3.6.4 [Nov 7, 2014 5:11:37 PM]
2014.11.07 17:11:39 Admin console listening at:
  http://daragh-vpceh1j1e:9090
  https://daragh-vpceh1j1e:9091
2014.11.07 17:11:39 Chinese Wall Plugin loaded...
2014.11.07 17:11:40 Packet Filter loaded...
2014.11.07 17:11:41 Started server (unencrypted) socket on port: 5269
2014.11.07 17:11:41 Started plain (unencrypted) socket on port: 5222
2014.11.07 17:11:41 Started SSL (encrypted) socket on port: 5223
2014.11.07 17:12:58 Openfire stopped
2014.11.07 17:12:58 Server halted
2014.11.07 17:13:03 Publish-Subscribe domain: pubsub.daragh-vpceh1j1e
2014.11.07 17:13:03 Multi User Chat domain: conference.daragh-vpceh1j1e
2014.11.07 17:13:03 Openfire 3.6.4 [Nov 7, 2014 5:13:03 PM]
2014.11.07 17:13:05 Admin console listening at:
  http://daragh-vpceh1j1e:9090
  https://daragh-vpceh1j1e:9091
2014.11.07 17:13:05 Chinese Wall Plugin loaded...
2014.11.07 17:13:06 Packet Filter loaded...
2014.11.07 17:13:07 Started server (unencrypted) socket on port: 5269
2014.11.07 17:13:07 Started plain (unencrypted) socket on port: 5222
2014.11.07 17:13:07 Started SSL (encrypted) socket on port: 5223
2014.11.07 17:14:16 Openfire stopped
2014.11.07 17:14:16 Server halted
2014.11.07 17:14:20 Publish-Subscribe domain: pubsub.daragh-vpceh1j1e
2014.11.07 17:14:20 Multi User Chat domain: conference.daragh-vpceh1j1e
2014.11.07 17:14:21 Openfire 3.6.4 [Nov 7, 2014 5:14:21 PM]
2014.11.07 17:14:22 Admin console listening at:
  http://daragh-vpceh1j1e:9090
  https://daragh-vpceh1j1e:9091
2014.11.07 17:14:22 Chinese Wall Plugin loaded...
2014.11.07 17:14:24 Packet Filter loaded...
2014.11.07 17:14:24 Started server (unencrypted) socket on port: 5269
2014.11.07 17:14:24 Started plain (unencrypted) socket on port: 5222
2014.11.07 17:14:24 Started SSL (encrypted) socket on port: 5223
2014.11.07 17:14:47 Chinese Wall Plugin loaded...
2014.11.07 17:14:47 Openfire stopped
2014.11.07 17:14:47 Server halted
2014.11.07 17:14:57 Publish-Subscribe domain: pubsub.daragh-vpceh1j1e
2014.11.07 17:14:57 Multi User Chat domain: conference.daragh-vpceh1j1e
2014.11.07 17:14:57 Openfire 3.6.4 [Nov 7, 2014 5:14:57 PM]
2014.11.07 17:14:59 Admin console listening at:
  http://daragh-vpceh1j1e:9090
  https://daragh-vpceh1j1e:9091
2014.11.07 17:15:00 Chinese Wall Plugin loaded...
2014.11.07 17:15:01 Packet Filter loaded...
2014.11.07 17:15:03 Started server (unencrypted) socket on port: 5269
2014.11.07 17:15:03 Started plain (unencrypted) socket on port: 5222
2014.11.07 17:15:03 Started SSL (encrypted) socket on port: 5223
2014.11.07 17:15:53 Openfire stopped
2014.11.07 17:15:53 Server halted
2014.11.07 17:16:26 Publish-Subscribe domain: pubsub.daragh-vpceh1j1e
2014.11.07 17:16:26 Multi User Chat domain: conference.daragh-vpceh1j1e
2014.11.07 17:16:26 Openfire 3.6.4 [Nov 7, 2014 5:16:26 PM]
2014.11.07 17:16:28 Admin console listening at:
  http://daragh-vpceh1j1e:9090
  https://daragh-vpceh1j1e:9091
2014.11.07 17:16:28 Chinese Wall Plugin loaded...
2014.11.07 17:16:30 Packet Filter loaded...
2014.11.07 17:16:31 Started server (unencrypted) socket on port: 5269
2014.11.07 17:16:31 Started plain (unencrypted) socket on port: 5222
2014.11.07 17:16:31 Started SSL (encrypted) socket on port: 5223
2014.11.07 17:18:14 Openfire stopped
2014.11.07 17:18:14 Server halted
2014.11.07 17:18:24 Publish-Subscribe domain: pubsub.daragh-vpceh1j1e
2014.11.07 17:18:24 Multi User Chat domain: conference.daragh-vpceh1j1e
2014.11.07 17:18:24 Openfire 3.6.4 [Nov 7, 2014 5:18:24 PM]
2014.11.07 17:18:26 Admin console listening at:
  http://daragh-vpceh1j1e:9090
  https://daragh-vpceh1j1e:9091
2014.11.07 17:18:26 Chinese Wall Plugin loaded...
2014.11.07 17:18:27 Packet Filter loaded...
2014.11.07 17:18:28 Started server (unencrypted) socket on port: 5269
2014.11.07 17:18:28 Started plain (unencrypted) socket on port: 5222
2014.11.07 17:18:28 Started SSL (encrypted) socket on port: 5223
2014.11.07 17:19:41 Openfire stopped
2014.11.07 17:19:41 Server halted
2014.11.07 17:19:45 Publish-Subscribe domain: pubsub.daragh-vpceh1j1e
2014.11.07 17:19:45 Multi User Chat domain: conference.daragh-vpceh1j1e
2014.11.07 17:19:45 Openfire 3.6.4 [Nov 7, 2014 5:19:45 PM]
2014.11.07 17:19:47 Admin console listening at:
  http://daragh-vpceh1j1e:9090
  https://daragh-vpceh1j1e:9091
2014.11.07 17:19:47 Chinese Wall Plugin loaded...
2014.11.07 17:19:48 Packet Filter loaded...
2014.11.07 17:19:49 Started server (unencrypted) socket on port: 5269
2014.11.07 17:19:49 Started plain (unencrypted) socket on port: 5222
2014.11.07 17:19:49 Started SSL (encrypted) socket on port: 5223
2014.11.07 17:23:54 Openfire stopped
2014.11.07 17:23:54 Server halted
2014.11.07 17:31:54 Publish-Subscribe domain: pubsub.daragh-vpceh1j1e
2014.11.07 17:31:54 Multi User Chat domain: conference.daragh-vpceh1j1e
2014.11.07 17:31:54 Openfire 3.6.4 [Nov 7, 2014 5:31:54 PM]
2014.11.07 17:31:57 Admin console listening at:
  http://daragh-vpceh1j1e:9090
  https://daragh-vpceh1j1e:9091
2014.11.07 17:31:57 Chinese Wall Plugin loaded...
2014.11.07 17:31:59 Packet Filter loaded...
2014.11.07 17:32:00 Started server (unencrypted) socket on port: 5269
2014.11.07 17:32:00 Started plain (unencrypted) socket on port: 5222
2014.11.07 17:32:00 Started SSL (encrypted) socket on port: 5223
2014.11.07 17:33:09 Openfire stopped
2014.11.07 17:33:09 Server halted
2014.11.07 17:33:22 Publish-Subscribe domain: pubsub.daragh-vpceh1j1e
2014.11.07 17:33:22 Multi User Chat domain: conference.daragh-vpceh1j1e
2014.11.07 17:33:22 Openfire 3.6.4 [Nov 7, 2014 5:33:22 PM]
2014.11.07 17:33:24 Admin console listening at:
  http://daragh-vpceh1j1e:9090
  https://daragh-vpceh1j1e:9091
2014.11.07 17:33:24 Chinese Wall Plugin loaded...
2014.11.07 17:33:26 Packet Filter loaded...
2014.11.07 17:33:27 Started server (unencrypted) socket on port: 5269
2014.11.07 17:33:27 Started plain (unencrypted) socket on port: 5222
2014.11.07 17:33:27 Started SSL (encrypted) socket on port: 5223
2014.11.07 17:33:29 Openfire stopped
2014.11.07 17:33:29 Server halted
2014.11.07 17:34:33 Publish-Subscribe domain: pubsub.daragh-vpceh1j1e
2014.11.07 17:34:33 Multi User Chat domain: conference.daragh-vpceh1j1e
2014.11.07 17:34:33 Openfire 3.6.4 [Nov 7, 2014 5:34:33 PM]
2014.11.07 17:34:35 Admin console listening at:
  http://daragh-vpceh1j1e:9090
  https://daragh-vpceh1j1e:9091
2014.11.07 17:34:35 Chinese Wall Plugin loaded...
2014.11.07 17:34:37 Packet Filter loaded...
2014.11.07 17:34:37 Started server (unencrypted) socket on port: 5269
2014.11.07 17:34:37 Started plain (unencrypted) socket on port: 5222
2014.11.07 17:34:37 Started SSL (encrypted) socket on port: 5223
2014.11.07 17:36:48 Openfire stopped
2014.11.07 17:36:48 Server halted
2014.11.07 17:38:48 Publish-Subscribe domain: pubsub.daragh-vpceh1j1e
2014.11.07 17:38:48 Multi User Chat domain: conference.daragh-vpceh1j1e
2014.11.07 17:38:48 Openfire 3.6.4 [Nov 7, 2014 5:38:48 PM]
2014.11.07 17:38:50 Admin console listening at:
  http://daragh-vpceh1j1e:9090
  https://daragh-vpceh1j1e:9091
2014.11.07 17:38:50 Chinese Wall Plugin loaded...
2014.11.07 17:38:51 Packet Filter loaded...
2014.11.07 17:38:52 Started server (unencrypted) socket on port: 5269
2014.11.07 17:38:52 Started plain (unencrypted) socket on port: 5222
2014.11.07 17:38:52 Started SSL (encrypted) socket on port: 5223
2014.11.07 17:39:48 Openfire stopped
2014.11.07 17:39:48 Server halted
2014.11.07 17:39:59 Publish-Subscribe domain: pubsub.daragh-vpceh1j1e
2014.11.07 17:39:59 Multi User Chat domain: conference.daragh-vpceh1j1e
2014.11.07 17:39:59 Openfire 3.6.4 [Nov 7, 2014 5:39:59 PM]
2014.11.07 17:40:01 Admin console listening at:
  http://daragh-vpceh1j1e:9090
  https://daragh-vpceh1j1e:9091
2014.11.07 17:40:01 Chinese Wall Plugin loaded...
2014.11.07 17:40:03 Packet Filter loaded...
2014.11.07 17:40:03 Started server (unencrypted) socket on port: 5269
2014.11.07 17:40:03 Started plain (unencrypted) socket on port: 5222
2014.11.07 17:40:03 Started SSL (encrypted) socket on port: 5223
2014.11.07 17:40:24 Chinese Wall : Packet from kieran@daragh-vpceh1j1e to daragh was intercepted.
2014.11.07 17:42:01 Openfire stopped
2014.11.07 17:42:01 Server halted
2014.11.07 17:42:12 Publish-Subscribe domain: pubsub.daragh-vpceh1j1e
2014.11.07 17:42:12 Multi User Chat domain: conference.daragh-vpceh1j1e
2014.11.07 17:42:12 Openfire 3.6.4 [Nov 7, 2014 5:42:12 PM]
2014.11.07 17:42:14 Admin console listening at:
  http://daragh-vpceh1j1e:9090
  https://daragh-vpceh1j1e:9091
2014.11.07 17:42:14 Chinese Wall Plugin loaded...
2014.11.07 17:42:16 Packet Filter loaded...
2014.11.07 17:42:17 Started server (unencrypted) socket on port: 5269
2014.11.07 17:42:17 Started plain (unencrypted) socket on port: 5222
2014.11.07 17:42:17 Started SSL (encrypted) socket on port: 5223
2014.11.07 17:42:37 Chinese Wall : Packet from daragh to kieran was intercepted.
2014.11.07 17:43:07 Openfire stopped
2014.11.07 17:43:07 Server halted
2014.11.07 17:55:09 Publish-Subscribe domain: pubsub.daragh-vpceh1j1e
2014.11.07 17:55:09 Multi User Chat domain: conference.daragh-vpceh1j1e
2014.11.07 17:55:10 Openfire 3.6.4 [Nov 7, 2014 5:55:10 PM]
2014.11.07 17:55:11 Admin console listening at:
  http://daragh-vpceh1j1e:9090
  https://daragh-vpceh1j1e:9091
2014.11.07 17:55:12 Chinese Wall Plugin loaded...
2014.11.07 17:55:14 Packet Filter loaded...
2014.11.07 17:55:15 Started server (unencrypted) socket on port: 5269
2014.11.07 17:55:15 Started plain (unencrypted) socket on port: 5222
2014.11.07 17:55:15 Started SSL (encrypted) socket on port: 5223
2014.11.07 17:55:38 Openfire stopped
2014.11.07 17:55:38 Server halted
2014.11.07 17:55:50 Publish-Subscribe domain: pubsub.daragh-vpceh1j1e
2014.11.07 17:55:50 Multi User Chat domain: conference.daragh-vpceh1j1e
2014.11.07 17:55:51 Openfire 3.6.4 [Nov 7, 2014 5:55:51 PM]
2014.11.07 17:55:53 Admin console listening at:
  http://daragh-vpceh1j1e:9090
  https://daragh-vpceh1j1e:9091
2014.11.07 17:55:53 Chinese Wall Plugin loaded...
2014.11.07 17:55:55 Packet Filter loaded...
2014.11.07 17:55:56 Started server (unencrypted) socket on port: 5269
2014.11.07 17:55:56 Started plain (unencrypted) socket on port: 5222
2014.11.07 17:55:56 Started SSL (encrypted) socket on port: 5223
2014.11.07 17:56:04 Openfire stopped
2014.11.07 17:56:04 Server halted
2014.11.07 17:56:25 Publish-Subscribe domain: pubsub.daragh-vpceh1j1e
2014.11.07 17:56:25 Multi User Chat domain: conference.daragh-vpceh1j1e
2014.11.07 17:56:25 Openfire 3.6.4 [Nov 7, 2014 5:56:25 PM]
2014.11.07 17:56:27 Admin console listening at:
  http://daragh-vpceh1j1e:9090
  https://daragh-vpceh1j1e:9091
2014.11.07 17:56:27 Chinese Wall Plugin loaded...
2014.11.07 17:56:29 Packet Filter loaded...
2014.11.07 17:56:30 Started server (unencrypted) socket on port: 5269
2014.11.07 17:56:30 Started plain (unencrypted) socket on port: 5222
2014.11.07 17:56:30 Started SSL (encrypted) socket on port: 5223
2014.11.07 17:57:24 Openfire stopped
2014.11.07 17:57:24 Server halted
2014.11.07 17:57:47 Publish-Subscribe domain: pubsub.daragh-vpceh1j1e
2014.11.07 17:57:47 Multi User Chat domain: conference.daragh-vpceh1j1e
2014.11.07 17:57:47 Openfire 3.6.4 [Nov 7, 2014 5:57:47 PM]
2014.11.07 17:57:49 Admin console listening at:
  http://daragh-vpceh1j1e:9090
  https://daragh-vpceh1j1e:9091
2014.11.07 17:57:49 Chinese Wall Plugin loaded...
2014.11.07 17:57:51 Packet Filter loaded...
2014.11.07 17:57:52 Started server (unencrypted) socket on port: 5269
2014.11.07 17:57:52 Started plain (unencrypted) socket on port: 5222
2014.11.07 17:57:52 Started SSL (encrypted) socket on port: 5223
2014.11.07 17:58:28 Openfire stopped
2014.11.07 17:58:28 Server halted
2014.11.07 17:58:44 Publish-Subscribe domain: pubsub.daragh-vpceh1j1e
2014.11.07 17:58:44 Multi User Chat domain: conference.daragh-vpceh1j1e
2014.11.07 17:58:45 Openfire 3.6.4 [Nov 7, 2014 5:58:45 PM]
2014.11.07 17:58:47 Admin console listening at:
  http://daragh-vpceh1j1e:9090
  https://daragh-vpceh1j1e:9091
2014.11.07 17:58:47 Chinese Wall Plugin loaded...
2014.11.07 17:58:49 Packet Filter loaded...
2014.11.07 17:58:50 Started server (unencrypted) socket on port: 5269
2014.11.07 17:58:50 Started plain (unencrypted) socket on port: 5222
2014.11.07 17:58:50 Started SSL (encrypted) socket on port: 5223
2014.11.07 17:58:53 Chinese Wall : Packet from daragh to kieran was intercepted.
2014.11.07 17:58:58 Chinese Wall : Packet from daragh to kieran was intercepted.
2014.11.07 17:58:58 Chinese Wall : Packet from daragh to kieran was intercepted.
2014.11.07 17:58:58 Chinese Wall : Packet from daragh to kieran was intercepted.
2014.11.07 17:59:01 Chinese Wall : Packet from daragh to kieran was intercepted.
2014.11.07 17:59:01 Chinese Wall : Packet from daragh to kieran was intercepted.
2014.11.07 17:59:01 Chinese Wall : Packet from daragh to kieran was intercepted.
2014.11.07 17:59:03 Chinese Wall : Packet from daragh to kieran was intercepted.
2014.11.07 18:00:25 Openfire stopped
2014.11.07 18:00:25 Server halted
2014.11.07 18:04:12 Publish-Subscribe domain: pubsub.daragh-vpceh1j1e
2014.11.07 18:04:12 Multi User Chat domain: conference.daragh-vpceh1j1e
2014.11.07 18:04:12 Openfire 3.6.4 [Nov 7, 2014 6:04:12 PM]
2014.11.07 18:04:14 Admin console listening at:
  http://daragh-vpceh1j1e:9090
  https://daragh-vpceh1j1e:9091
2014.11.07 18:04:14 Chinese Wall Plugin loaded...
2014.11.07 18:04:16 Packet Filter loaded...
2014.11.07 18:04:17 Started server (unencrypted) socket on port: 5269
2014.11.07 18:04:17 Started plain (unencrypted) socket on port: 5222
2014.11.07 18:04:17 Started SSL (encrypted) socket on port: 5223
2014.11.07 18:04:20 Chinese Wall : Packet from daragh to kieran was intercepted.
2014.11.07 18:04:24 Chinese Wall : Packet from daragh to kieran was intercepted.
2014.11.07 18:04:25 Chinese Wall : Packet from daragh to kieran was intercepted.
2014.11.07 18:04:25 Chinese Wall : Packet from daragh to kieran was intercepted.
2014.11.07 18:04:29 Chinese Wall : Packet from daragh to kieran was intercepted.
2014.11.07 18:05:21 Openfire stopped
2014.11.07 18:05:21 Server halted
2014.11.07 18:05:31 Publish-Subscribe domain: pubsub.daragh-vpceh1j1e
2014.11.07 18:05:31 Multi User Chat domain: conference.daragh-vpceh1j1e
2014.11.07 18:05:32 Openfire 3.6.4 [Nov 7, 2014 6:05:32 PM]
2014.11.07 18:05:34 Admin console listening at:
  http://daragh-vpceh1j1e:9090
  https://daragh-vpceh1j1e:9091
2014.11.07 18:05:34 Chinese Wall Plugin loaded...
2014.11.07 18:05:36 Packet Filter loaded...
2014.11.07 18:05:37 Started server (unencrypted) socket on port: 5269
2014.11.07 18:05:37 Started plain (unencrypted) socket on port: 5222
2014.11.07 18:05:37 Started SSL (encrypted) socket on port: 5223
2014.11.07 18:05:39 Chinese Wall : Packet from daragh to kieran was intercepted.
2014.11.07 18:07:42 Chinese Wall : Packet from daragh to kieran was intercepted.
2014.11.07 18:07:43 Chinese Wall : Packet from daragh to kieran was intercepted.
2014.11.07 18:07:43 Chinese Wall : Packet from daragh to kieran was intercepted.
2014.11.07 18:22:14 Openfire stopped
2014.11.07 18:22:14 Server halted
2014.11.10 13:15:40 Publish-Subscribe domain: pubsub.daragh-vpceh1j1e
2014.11.10 13:15:41 Multi User Chat domain: conference.daragh-vpceh1j1e
2014.11.10 13:15:41 Openfire 3.6.4 [Nov 10, 2014 1:15:41 PM]
2014.11.10 13:15:44 Admin console listening at:
  http://daragh-vpceh1j1e:9090
  https://daragh-vpceh1j1e:9091
2014.11.10 13:15:44 Chinese Wall Plugin loaded...
2014.11.10 13:15:49 Packet Filter loaded...
2014.11.10 13:15:50 Started server (unencrypted) socket on port: 5269
2014.11.10 13:15:50 Started plain (unencrypted) socket on port: 5222
2014.11.10 13:15:50 Started SSL (encrypted) socket on port: 5223
2014.11.10 13:17:16 Chinese Wall : Packet from daragh to kieran was intercepted.
2014.11.10 13:22:37 Openfire stopped
2014.11.10 13:22:37 Server halted
2014.11.14 17:08:19 Publish-Subscribe domain: pubsub.daragh-vpceh1j1e
2014.11.14 17:08:19 Multi User Chat domain: conference.daragh-vpceh1j1e
2014.11.14 17:08:21 Openfire 3.6.4 [Nov 14, 2014 5:08:21 PM]
2014.11.14 17:08:25 Admin console listening at:
  http://daragh-vpceh1j1e:9090
  https://daragh-vpceh1j1e:9091
2014.11.14 17:08:26 Chinese Wall Plugin loaded...
2014.11.14 17:08:31 Packet Filter loaded...
2014.11.14 17:08:32 Started server (unencrypted) socket on port: 5269
2014.11.14 17:08:33 Started plain (unencrypted) socket on port: 5222
2014.11.14 17:08:33 Started SSL (encrypted) socket on port: 5223
2014.11.14 17:09:59 Openfire stopped
2014.11.14 17:09:59 Server halted
2014.11.14 17:10:04 Publish-Subscribe domain: pubsub.daragh-vpceh1j1e
2014.11.14 17:10:04 Multi User Chat domain: conference.daragh-vpceh1j1e
2014.11.14 17:10:05 Openfire 3.6.4 [Nov 14, 2014 5:10:05 PM]
2014.11.14 17:10:07 Admin console listening at:
  http://daragh-vpceh1j1e:9090
  https://daragh-vpceh1j1e:9091
2014.11.14 17:10:07 Chinese Wall Plugin loaded...
2014.11.14 17:10:10 Packet Filter loaded...
2014.11.14 17:10:11 Started server (unencrypted) socket on port: 5269
2014.11.14 17:10:11 Started plain (unencrypted) socket on port: 5222
2014.11.14 17:10:11 Started SSL (encrypted) socket on port: 5223
2014.11.14 17:20:28 Chinese Wall : Packet from daragh to joe was intercepted.
2014.11.14 17:20:31 Chinese Wall : Packet from daragh to joe was intercepted.
2014.11.14 17:20:31 Chinese Wall : Packet from daragh to joe was intercepted.
2014.11.14 17:20:31 Chinese Wall : Packet from daragh to joe was intercepted.
2014.11.14 17:24:33 Chinese Wall : Packet from joe to daragh was intercepted.
2014.11.14 17:28:21 Chinese Wall : Packet from daragh to joe was intercepted.
2014.11.14 17:40:01 Openfire stopped
2014.11.14 17:40:01 Server halted
2014.11.14 17:40:23 Publish-Subscribe domain: pubsub.daragh-vpceh1j1e
2014.11.14 17:40:23 Multi User Chat domain: conference.daragh-vpceh1j1e
2014.11.14 17:40:24 Openfire 3.6.4 [Nov 14, 2014 5:40:24 PM]
2014.11.14 17:40:26 Admin console listening at:
  http://daragh-vpceh1j1e:9090
  https://daragh-vpceh1j1e:9091
2014.11.14 17:40:26 Chinese Wall Plugin loaded...
2014.11.14 17:40:29 Packet Filter loaded...
2014.11.14 17:40:30 Started server (unencrypted) socket on port: 5269
2014.11.14 17:40:30 Started plain (unencrypted) socket on port: 5222
2014.11.14 17:40:30 Started SSL (encrypted) socket on port: 5223
2014.11.14 17:40:35 Chinese Wall : Packet from daragh to joe was intercepted.
2014.11.14 17:41:17 Chinese Wall : Packet from daragh to joe was intercepted.
2014.11.14 17:41:53 Chinese Wall Plugin loaded...
2014.11.14 17:43:55 Openfire stopped
2014.11.14 17:43:55 Server halted
2014.11.14 17:45:14 Publish-Subscribe domain: pubsub.daragh-vpceh1j1e
2014.11.14 17:45:14 Multi User Chat domain: conference.daragh-vpceh1j1e
2014.11.14 17:45:15 Openfire 3.6.4 [Nov 14, 2014 5:45:15 PM]
2014.11.14 17:45:19 Admin console listening at:
  http://daragh-vpceh1j1e:9090
  https://daragh-vpceh1j1e:9091
2014.11.14 17:45:19 Chinese Wall Plugin loaded...
2014.11.14 17:45:21 Packet Filter loaded...
2014.11.14 17:45:22 Started server (unencrypted) socket on port: 5269
2014.11.14 17:45:22 Started plain (unencrypted) socket on port: 5222
2014.11.14 17:45:22 Started SSL (encrypted) socket on port: 5223
2014.11.14 18:02:15 Openfire stopped
2014.11.14 18:02:15 Server halted
2014.11.14 18:02:21 Publish-Subscribe domain: pubsub.daragh-vpceh1j1e
2014.11.14 18:02:21 Multi User Chat domain: conference.daragh-vpceh1j1e
2014.11.14 18:02:22 Openfire 3.6.4 [Nov 14, 2014 6:02:22 PM]
2014.11.14 18:02:26 Admin console listening at:
  http://daragh-vpceh1j1e:9090
  https://daragh-vpceh1j1e:9091
2014.11.14 18:02:26 Chinese Wall Plugin loaded...
2014.11.14 18:02:28 Packet Filter loaded...
2014.11.14 18:02:29 Started server (unencrypted) socket on port: 5269
2014.11.14 18:02:29 Started plain (unencrypted) socket on port: 5222
2014.11.14 18:02:29 Started SSL (encrypted) socket on port: 5223
2014.11.14 18:35:37 Openfire stopped
2014.11.14 18:35:37 Server halted
2014.11.14 18:35:44 Publish-Subscribe domain: pubsub.daragh-vpceh1j1e
2014.11.14 18:35:44 Multi User Chat domain: conference.daragh-vpceh1j1e
2014.11.14 18:35:44 Openfire 3.6.4 [Nov 14, 2014 6:35:44 PM]
2014.11.14 18:35:46 Admin console listening at:
  http://daragh-vpceh1j1e:9090
  https://daragh-vpceh1j1e:9091
2014.11.14 18:35:47 Chinese Wall Plugin loaded...
2014.11.14 18:35:49 Packet Filter loaded...
2014.11.14 18:35:50 Started server (unencrypted) socket on port: 5269
2014.11.14 18:35:50 Started plain (unencrypted) socket on port: 5222
2014.11.14 18:35:50 Started SSL (encrypted) socket on port: 5223
2014.11.14 18:36:40 Openfire stopped
2014.11.14 18:36:40 Server halted
2014.11.14 18:36:46 Publish-Subscribe domain: pubsub.daragh-vpceh1j1e
2014.11.14 18:36:46 Multi User Chat domain: conference.daragh-vpceh1j1e
2014.11.14 18:36:47 Openfire 3.6.4 [Nov 14, 2014 6:36:47 PM]
2014.11.14 18:36:48 Admin console listening at:
  http://daragh-vpceh1j1e:9090
  https://daragh-vpceh1j1e:9091
2014.11.14 18:36:48 Chinese Wall Plugin loaded...
2014.11.14 18:36:50 Packet Filter loaded...
2014.11.14 18:36:51 Started server (unencrypted) socket on port: 5269
2014.11.14 18:36:51 Started plain (unencrypted) socket on port: 5222
2014.11.14 18:36:51 Started SSL (encrypted) socket on port: 5223
2014.11.14 18:43:42 Openfire stopped
2014.11.14 18:43:42 Server halted
2014.11.14 18:47:06 Publish-Subscribe domain: pubsub.daragh-vpceh1j1e
2014.11.14 18:47:06 Multi User Chat domain: conference.daragh-vpceh1j1e
2014.11.14 18:47:06 Openfire 3.6.4 [Nov 14, 2014 6:47:06 PM]
2014.11.14 18:47:08 Admin console listening at:
  http://daragh-vpceh1j1e:9090
  https://daragh-vpceh1j1e:9091
2014.11.14 18:47:08 Chinese Wall Plugin loaded...
2014.11.14 18:47:10 Packet Filter loaded...
2014.11.14 18:47:11 Started server (unencrypted) socket on port: 5269
2014.11.14 18:47:11 Started plain (unencrypted) socket on port: 5222
2014.11.14 18:47:11 Started SSL (encrypted) socket on port: 5223
2014.11.14 18:47:57 Chinese Wall : Packet from daragh to joe was intercepted.
2014.11.14 18:48:14 Chinese Wall : Packet from daragh to joe was intercepted.
2014.11.14 18:50:06 Openfire stopped
2014.11.14 18:50:06 Server halted
2014.11.14 18:50:11 Publish-Subscribe domain: pubsub.daragh-vpceh1j1e
2014.11.14 18:50:11 Multi User Chat domain: conference.daragh-vpceh1j1e
2014.11.14 18:50:12 Openfire 3.6.4 [Nov 14, 2014 6:50:12 PM]
2014.11.14 18:50:13 Admin console listening at:
  http://daragh-vpceh1j1e:9090
  https://daragh-vpceh1j1e:9091
2014.11.14 18:50:13 Chinese Wall Plugin loaded...
2014.11.14 18:50:15 Packet Filter loaded...
2014.11.14 18:50:16 Started server (unencrypted) socket on port: 5269
2014.11.14 18:50:16 Started plain (unencrypted) socket on port: 5222
2014.11.14 18:50:16 Started SSL (encrypted) socket on port: 5223
2014.11.14 18:50:20 Chinese Wall : Packet from daragh to joe was intercepted.
2014.11.14 18:50:53 Chinese Wall : Packet from daragh to joe was intercepted.
2014.11.14 18:52:23 Openfire stopped
2014.11.14 18:52:23 Server halted
2014.11.14 18:52:30 Publish-Subscribe domain: pubsub.daragh-vpceh1j1e
2014.11.14 18:52:30 Multi User Chat domain: conference.daragh-vpceh1j1e
2014.11.14 18:52:30 Openfire 3.6.4 [Nov 14, 2014 6:52:30 PM]
2014.11.14 18:52:32 Admin console listening at:
  http://daragh-vpceh1j1e:9090
  https://daragh-vpceh1j1e:9091
2014.11.14 18:52:32 Chinese Wall Plugin loaded...
2014.11.14 18:52:34 Packet Filter loaded...
2014.11.14 18:52:35 Started server (unencrypted) socket on port: 5269
2014.11.14 18:52:35 Started plain (unencrypted) socket on port: 5222
2014.11.14 18:52:35 Started SSL (encrypted) socket on port: 5223
2014.11.14 18:52:38 Chinese Wall : Packet from daragh to joe was intercepted.
2014.11.14 18:52:39 Chinese Wall : Packet from daragh to joe was intercepted.
2014.11.14 18:52:59 Openfire stopped
2014.11.14 18:52:59 Server halted
2014.11.14 18:54:46 Publish-Subscribe domain: pubsub.daragh-vpceh1j1e
2014.11.14 18:54:46 Multi User Chat domain: conference.daragh-vpceh1j1e
2014.11.14 18:54:46 Openfire 3.6.4 [Nov 14, 2014 6:54:46 PM]
2014.11.14 18:54:48 Admin console listening at:
  http://daragh-vpceh1j1e:9090
  https://daragh-vpceh1j1e:9091
2014.11.14 18:54:48 Chinese Wall Plugin loaded...
2014.11.14 18:54:51 Packet Filter loaded...
2014.11.14 18:54:51 Started server (unencrypted) socket on port: 5269
2014.11.14 18:54:51 Started plain (unencrypted) socket on port: 5222
2014.11.14 18:54:51 Started SSL (encrypted) socket on port: 5223
2014.11.14 18:54:54 Chinese Wall : Packet from daragh to joe was intercepted.
2014.11.14 18:55:06 Chinese Wall : Packet from daragh to joe was intercepted.
2014.11.14 18:55:59 Openfire stopped
2014.11.14 18:55:59 Server halted
2014.11.14 19:02:32 Publish-Subscribe domain: pubsub.daragh-vpceh1j1e
2014.11.14 19:02:32 Multi User Chat domain: conference.daragh-vpceh1j1e
2014.11.14 19:02:32 Openfire 3.6.4 [Nov 14, 2014 7:02:32 PM]
2014.11.14 19:02:34 Admin console listening at:
  http://daragh-vpceh1j1e:9090
  https://daragh-vpceh1j1e:9091
2014.11.14 19:02:34 Chinese Wall Plugin loaded...
2014.11.14 19:02:36 Packet Filter loaded...
2014.11.14 19:02:37 Started server (unencrypted) socket on port: 5269
2014.11.14 19:02:37 Started plain (unencrypted) socket on port: 5222
2014.11.14 19:02:37 Started SSL (encrypted) socket on port: 5223
2014.11.14 19:02:40 Chinese Wall : Packet from daragh to joe was intercepted.
2014.11.14 19:02:55 Openfire stopped
2014.11.14 19:02:55 Server halted
2014.11.14 19:03:06 Publish-Subscribe domain: pubsub.daragh-vpceh1j1e
2014.11.14 19:03:06 Multi User Chat domain: conference.daragh-vpceh1j1e
2014.11.14 19:03:07 Openfire 3.6.4 [Nov 14, 2014 7:03:07 PM]
2014.11.14 19:03:08 Admin console listening at:
  http://daragh-vpceh1j1e:9090
  https://daragh-vpceh1j1e:9091
2014.11.14 19:03:08 Chinese Wall Plugin loaded...
2014.11.14 19:03:11 Packet Filter loaded...
2014.11.14 19:03:12 Started server (unencrypted) socket on port: 5269
2014.11.14 19:03:12 Started plain (unencrypted) socket on port: 5222
2014.11.14 19:03:12 Started SSL (encrypted) socket on port: 5223
2014.11.14 19:03:15 Chinese Wall : Packet from daragh to joe was intercepted.
2014.11.14 19:04:31 Openfire stopped
2014.11.14 19:04:31 Server halted
2014.11.14 19:04:50 Publish-Subscribe domain: pubsub.daragh-vpceh1j1e
2014.11.14 19:04:50 Multi User Chat domain: conference.daragh-vpceh1j1e
2014.11.14 19:04:50 Openfire 3.6.4 [Nov 14, 2014 7:04:50 PM]
2014.11.14 19:04:53 Admin console listening at:
  http://daragh-vpceh1j1e:9090
  https://daragh-vpceh1j1e:9091
2014.11.14 19:04:53 Chinese Wall Plugin loaded...
2014.11.14 19:04:55 Packet Filter loaded...
2014.11.14 19:04:56 Started server (unencrypted) socket on port: 5269
2014.11.14 19:04:56 Started plain (unencrypted) socket on port: 5222
2014.11.14 19:04:56 Started SSL (encrypted) socket on port: 5223
2014.11.14 19:04:58 Chinese Wall : Packet from daragh to joe was intercepted.
2014.11.14 19:05:01 Chinese Wall : Packet from daragh to joe was intercepted.
2014.11.14 19:08:35 Openfire stopped
2014.11.14 19:08:35 Server halted
2014.11.14 19:20:18 Publish-Subscribe domain: pubsub.daragh-vpceh1j1e
2014.11.14 19:20:18 Multi User Chat domain: conference.daragh-vpceh1j1e
2014.11.14 19:20:19 Openfire 3.6.4 [Nov 14, 2014 7:20:19 PM]
2014.11.14 19:20:20 Admin console listening at:
  http://daragh-vpceh1j1e:9090
  https://daragh-vpceh1j1e:9091
2014.11.14 19:20:20 Chinese Wall Plugin loaded...
2014.11.14 19:20:22 Packet Filter loaded...
2014.11.14 19:20:23 Started server (unencrypted) socket on port: 5269
2014.11.14 19:20:23 Started plain (unencrypted) socket on port: 5222
2014.11.14 19:20:23 Started SSL (encrypted) socket on port: 5223
2014.11.14 19:22:07 Openfire stopped
2014.11.14 19:22:07 Server halted
2014.11.14 19:22:11 Publish-Subscribe domain: pubsub.daragh-vpceh1j1e
2014.11.14 19:22:11 Multi User Chat domain: conference.daragh-vpceh1j1e
2014.11.14 19:22:12 Openfire 3.6.4 [Nov 14, 2014 7:22:12 PM]
2014.11.14 19:22:14 Admin console listening at:
  http://daragh-vpceh1j1e:9090
  https://daragh-vpceh1j1e:9091
2014.11.14 19:22:14 Chinese Wall Plugin loaded...
2014.11.14 19:22:16 Packet Filter loaded...
2014.11.14 19:22:17 Started server (unencrypted) socket on port: 5269
2014.11.14 19:22:17 Started plain (unencrypted) socket on port: 5222
2014.11.14 19:22:17 Started SSL (encrypted) socket on port: 5223
2014.11.14 19:23:14 Openfire stopped
2014.11.14 19:23:14 Server halted
2014.11.14 19:23:53 Publish-Subscribe domain: pubsub.daragh-vpceh1j1e
2014.11.14 19:23:53 Multi User Chat domain: conference.daragh-vpceh1j1e
2014.11.14 19:23:53 Openfire 3.6.4 [Nov 14, 2014 7:23:53 PM]
2014.11.14 19:23:55 Admin console listening at:
  http://daragh-vpceh1j1e:9090
  https://daragh-vpceh1j1e:9091
2014.11.14 19:23:55 Chinese Wall Plugin loaded...
2014.11.14 19:23:57 Packet Filter loaded...
2014.11.14 19:23:58 Started server (unencrypted) socket on port: 5269
2014.11.14 19:23:58 Started plain (unencrypted) socket on port: 5222
2014.11.14 19:23:58 Started SSL (encrypted) socket on port: 5223
2014.11.14 19:24:38 Openfire stopped
2014.11.14 19:24:38 Server halted
2014.11.14 19:24:42 Publish-Subscribe domain: pubsub.daragh-vpceh1j1e
2014.11.14 19:24:42 Multi User Chat domain: conference.daragh-vpceh1j1e
2014.11.14 19:24:43 Openfire 3.6.4 [Nov 14, 2014 7:24:43 PM]
2014.11.14 19:24:45 Admin console listening at:
  http://daragh-vpceh1j1e:9090
  https://daragh-vpceh1j1e:9091
2014.11.14 19:24:45 Chinese Wall Plugin loaded...
2014.11.14 19:24:47 Packet Filter loaded...
2014.11.14 19:24:47 Started server (unencrypted) socket on port: 5269
2014.11.14 19:24:47 Started plain (unencrypted) socket on port: 5222
2014.11.14 19:24:47 Started SSL (encrypted) socket on port: 5223
2014.11.14 19:26:01 Openfire stopped
2014.11.14 19:26:01 Server halted
2014.11.14 19:26:06 Publish-Subscribe domain: pubsub.daragh-vpceh1j1e
2014.11.14 19:26:06 Multi User Chat domain: conference.daragh-vpceh1j1e
2014.11.14 19:26:07 Openfire 3.6.4 [Nov 14, 2014 7:26:07 PM]
2014.11.14 19:26:08 Admin console listening at:
  http://daragh-vpceh1j1e:9090
  https://daragh-vpceh1j1e:9091
2014.11.14 19:26:08 Chinese Wall Plugin loaded...
2014.11.14 19:26:10 Packet Filter loaded...
2014.11.14 19:26:11 Started server (unencrypted) socket on port: 5269
2014.11.14 19:26:11 Started plain (unencrypted) socket on port: 5222
2014.11.14 19:26:11 Started SSL (encrypted) socket on port: 5223
2014.11.14 19:26:34 Chinese Wall Plugin loaded...
2014.11.14 19:26:34 Openfire stopped
2014.11.14 19:26:34 Server halted
2014.11.14 19:26:38 Publish-Subscribe domain: pubsub.daragh-vpceh1j1e
2014.11.14 19:26:38 Multi User Chat domain: conference.daragh-vpceh1j1e
2014.11.14 19:26:39 Openfire 3.6.4 [Nov 14, 2014 7:26:39 PM]
2014.11.14 19:26:41 Admin console listening at:
  http://daragh-vpceh1j1e:9090
  https://daragh-vpceh1j1e:9091
2014.11.14 19:26:41 Chinese Wall Plugin loaded...
2014.11.14 19:26:44 Packet Filter loaded...
2014.11.14 19:26:46 Started server (unencrypted) socket on port: 5269
2014.11.14 19:26:46 Started plain (unencrypted) socket on port: 5222
2014.11.14 19:26:46 Started SSL (encrypted) socket on port: 5223
2014.11.14 19:31:33 Openfire stopped
2014.11.14 19:31:33 Server halted
2014.11.14 19:31:39 Publish-Subscribe domain: pubsub.daragh-vpceh1j1e
2014.11.14 19:31:39 Multi User Chat domain: conference.daragh-vpceh1j1e
2014.11.14 19:31:39 Openfire 3.6.4 [Nov 14, 2014 7:31:39 PM]
2014.11.14 19:31:41 Admin console listening at:
  http://daragh-vpceh1j1e:9090
  https://daragh-vpceh1j1e:9091
2014.11.14 19:31:41 Chinese Wall Plugin loaded...
2014.11.14 19:31:43 Packet Filter loaded...
2014.11.14 19:31:44 Started server (unencrypted) socket on port: 5269
2014.11.14 19:31:44 Started plain (unencrypted) socket on port: 5222
2014.11.14 19:31:44 Started SSL (encrypted) socket on port: 5223
2014.11.14 19:34:13 Publish-Subscribe domain: pubsub.daragh-vpceh1j1e
2014.11.14 19:34:13 Multi User Chat domain: conference.daragh-vpceh1j1e
2014.11.14 19:34:13 Openfire 3.6.4 [Nov 14, 2014 7:34:13 PM]
2014.11.14 19:34:15 Admin console listening at:
  http://daragh-vpceh1j1e:9090
  https://daragh-vpceh1j1e:9091
2014.11.14 19:34:15 Chinese Wall Plugin loaded...
2014.11.14 19:34:17 Openfire stopped
2014.11.14 19:34:17 Server halted
2014.11.14 19:34:20 Openfire stopped
2014.11.14 19:34:20 Server halted
2014.11.14 19:34:26 Publish-Subscribe domain: pubsub.daragh-vpceh1j1e
2014.11.14 19:34:26 Multi User Chat domain: conference.daragh-vpceh1j1e
2014.11.14 19:34:26 Openfire 3.6.4 [Nov 14, 2014 7:34:26 PM]
2014.11.14 19:34:28 Admin console listening at:
  http://daragh-vpceh1j1e:9090
  https://daragh-vpceh1j1e:9091
2014.11.14 19:34:28 Chinese Wall Plugin loaded...
2014.11.14 19:34:30 Packet Filter loaded...
2014.11.14 19:34:31 Started server (unencrypted) socket on port: 5269
2014.11.14 19:34:31 Started plain (unencrypted) socket on port: 5222
2014.11.14 19:34:31 Started SSL (encrypted) socket on port: 5223
2014.11.14 19:35:33 Openfire stopped
2014.11.14 19:35:33 Server halted
2014.11.14 19:35:43 Publish-Subscribe domain: pubsub.daragh-vpceh1j1e
2014.11.14 19:35:43 Multi User Chat domain: conference.daragh-vpceh1j1e
2014.11.14 19:35:43 Openfire 3.6.4 [Nov 14, 2014 7:35:43 PM]
2014.11.14 19:35:45 Admin console listening at:
  http://daragh-vpceh1j1e:9090
  https://daragh-vpceh1j1e:9091
2014.11.14 19:35:45 Chinese Wall Plugin loaded...
2014.11.14 19:35:47 Packet Filter loaded...
2014.11.14 19:35:48 Started server (unencrypted) socket on port: 5269
2014.11.14 19:35:48 Started plain (unencrypted) socket on port: 5222
2014.11.14 19:35:48 Started SSL (encrypted) socket on port: 5223
2014.11.14 19:36:20 Openfire stopped
2014.11.14 19:36:20 Server halted
2014.11.14 19:36:28 Publish-Subscribe domain: pubsub.daragh-vpceh1j1e
2014.11.14 19:36:28 Multi User Chat domain: conference.daragh-vpceh1j1e
2014.11.14 19:36:29 Openfire 3.6.4 [Nov 14, 2014 7:36:29 PM]
2014.11.14 19:36:31 Admin console listening at:
  http://daragh-vpceh1j1e:9090
  https://daragh-vpceh1j1e:9091
2014.11.14 19:36:31 Chinese Wall Plugin loaded...
2014.11.14 19:36:33 Packet Filter loaded...
2014.11.14 19:36:34 Started server (unencrypted) socket on port: 5269
2014.11.14 19:36:34 Started plain (unencrypted) socket on port: 5222
2014.11.14 19:36:34 Started SSL (encrypted) socket on port: 5223
2014.11.14 19:37:10 Openfire stopped
2014.11.14 19:37:10 Server halted
2014.11.14 19:37:23 Publish-Subscribe domain: pubsub.daragh-vpceh1j1e
2014.11.14 19:37:23 Multi User Chat domain: conference.daragh-vpceh1j1e
2014.11.14 19:37:23 Openfire 3.6.4 [Nov 14, 2014 7:37:23 PM]
2014.11.14 19:37:25 Admin console listening at:
  http://daragh-vpceh1j1e:9090
  https://daragh-vpceh1j1e:9091
2014.11.14 19:37:25 Chinese Wall Plugin loaded...
2014.11.14 19:37:27 Packet Filter loaded...
2014.11.14 19:37:27 Started server (unencrypted) socket on port: 5269
2014.11.14 19:37:28 Started plain (unencrypted) socket on port: 5222
2014.11.14 19:37:28 Started SSL (encrypted) socket on port: 5223
2014.11.14 19:41:39 Openfire stopped
2014.11.14 19:41:39 Server halted
2014.11.14 19:44:47 Publish-Subscribe domain: pubsub.daragh-vpceh1j1e
2014.11.14 19:44:47 Multi User Chat domain: conference.daragh-vpceh1j1e
2014.11.14 19:44:48 Openfire 3.6.4 [Nov 14, 2014 7:44:48 PM]
2014.11.14 19:44:50 Admin console listening at:
  http://daragh-vpceh1j1e:9090
  https://daragh-vpceh1j1e:9091
2014.11.14 19:44:50 Chinese Wall Plugin loaded...
2014.11.14 19:44:52 Packet Filter loaded...
2014.11.14 19:44:52 Started server (unencrypted) socket on port: 5269
2014.11.14 19:44:52 Started plain (unencrypted) socket on port: 5222
2014.11.14 19:44:52 Started SSL (encrypted) socket on port: 5223
2014.11.14 19:45:26 Openfire stopped
2014.11.14 19:45:26 Server halted
2014.11.14 19:45:30 Publish-Subscribe domain: pubsub.daragh-vpceh1j1e
2014.11.14 19:45:31 Multi User Chat domain: conference.daragh-vpceh1j1e
2014.11.14 19:45:31 Openfire 3.6.4 [Nov 14, 2014 7:45:31 PM]
2014.11.14 19:45:33 Admin console listening at:
  http://daragh-vpceh1j1e:9090
  https://daragh-vpceh1j1e:9091
2014.11.14 19:45:33 Chinese Wall Plugin loaded...
2014.11.14 19:45:35 Packet Filter loaded...
2014.11.14 19:45:35 Started server (unencrypted) socket on port: 5269
2014.11.14 19:45:35 Started plain (unencrypted) socket on port: 5222
2014.11.14 19:45:35 Started SSL (encrypted) socket on port: 5223
2014.11.15 01:51:01 Openfire stopped
2014.11.15 01:51:01 Server halted
2014.11.15 13:34:59 Publish-Subscribe domain: pubsub.daragh-vpceh1j1e
2014.11.15 13:34:59 Multi User Chat domain: conference.daragh-vpceh1j1e
2014.11.15 13:35:00 Openfire 3.6.4 [Nov 15, 2014 1:35:00 PM]
2014.11.15 13:35:03 Admin console listening at:
  http://daragh-vpceh1j1e:9090
  https://daragh-vpceh1j1e:9091
2014.11.15 13:35:03 Chinese Wall Plugin loaded...
2014.11.15 13:35:07 Packet Filter loaded...
2014.11.15 13:35:09 Started server (unencrypted) socket on port: 5269
2014.11.15 13:35:09 Started plain (unencrypted) socket on port: 5222
2014.11.15 13:35:09 Started SSL (encrypted) socket on port: 5223
2014.11.15 13:36:22 Openfire stopped
2014.11.15 13:36:22 Server halted
2014.11.15 13:36:27 Publish-Subscribe domain: pubsub.daragh-vpceh1j1e
2014.11.15 13:36:27 Multi User Chat domain: conference.daragh-vpceh1j1e
2014.11.15 13:36:28 Openfire 3.6.4 [Nov 15, 2014 1:36:28 PM]
2014.11.15 13:36:29 Admin console listening at:
  http://daragh-vpceh1j1e:9090
  https://daragh-vpceh1j1e:9091
2014.11.15 13:36:30 Chinese Wall Plugin loaded...
2014.11.15 13:36:32 Packet Filter loaded...
2014.11.15 13:36:32 Started server (unencrypted) socket on port: 5269
2014.11.15 13:36:32 Started plain (unencrypted) socket on port: 5222
2014.11.15 13:36:32 Started SSL (encrypted) socket on port: 5223
2014.11.15 13:47:05 Openfire stopped
2014.11.15 13:47:05 Server halted
2014.11.15 13:47:10 Publish-Subscribe domain: pubsub.daragh-vpceh1j1e
2014.11.15 13:47:10 Multi User Chat domain: conference.daragh-vpceh1j1e
2014.11.15 13:47:10 Openfire 3.6.4 [Nov 15, 2014 1:47:10 PM]
2014.11.15 13:47:12 Admin console listening at:
  http://daragh-vpceh1j1e:9090
  https://daragh-vpceh1j1e:9091
2014.11.15 13:47:12 Chinese Wall Plugin loaded...
2014.11.15 13:47:14 Packet Filter loaded...
2014.11.15 13:47:15 Started server (unencrypted) socket on port: 5269
2014.11.15 13:47:15 Started plain (unencrypted) socket on port: 5222
2014.11.15 13:47:15 Started SSL (encrypted) socket on port: 5223
2014.11.15 13:48:00 Openfire stopped
2014.11.15 13:48:00 Server halted
2014.11.15 13:48:04 Publish-Subscribe domain: pubsub.daragh-vpceh1j1e
2014.11.15 13:48:04 Multi User Chat domain: conference.daragh-vpceh1j1e
2014.11.15 13:48:04 Openfire 3.6.4 [Nov 15, 2014 1:48:04 PM]
2014.11.15 13:48:06 Admin console listening at:
  http://daragh-vpceh1j1e:9090
  https://daragh-vpceh1j1e:9091
2014.11.15 13:48:06 Chinese Wall Plugin loaded...
2014.11.15 13:48:08 Packet Filter loaded...
2014.11.15 13:48:09 Started server (unencrypted) socket on port: 5269
2014.11.15 13:48:09 Started plain (unencrypted) socket on port: 5222
2014.11.15 13:48:09 Started SSL (encrypted) socket on port: 5223
2014.11.15 13:48:52 Openfire stopped
2014.11.15 13:48:52 Server halted
2014.11.15 13:50:50 Publish-Subscribe domain: pubsub.daragh-vpceh1j1e
2014.11.15 13:50:50 Multi User Chat domain: conference.daragh-vpceh1j1e
2014.11.15 13:50:51 Openfire 3.6.4 [Nov 15, 2014 1:50:51 PM]
2014.11.15 13:50:52 Admin console listening at:
  http://daragh-vpceh1j1e:9090
  https://daragh-vpceh1j1e:9091
2014.11.15 13:50:52 Chinese Wall Plugin loaded...
2014.11.15 13:50:54 Packet Filter loaded...
2014.11.15 13:50:55 Started server (unencrypted) socket on port: 5269
2014.11.15 13:50:55 Started plain (unencrypted) socket on port: 5222
2014.11.15 13:50:55 Started SSL (encrypted) socket on port: 5223
2014.11.15 13:52:09 Openfire stopped
2014.11.15 13:52:09 Server halted
2014.11.15 13:52:13 Publish-Subscribe domain: pubsub.daragh-vpceh1j1e
2014.11.15 13:52:13 Multi User Chat domain: conference.daragh-vpceh1j1e
2014.11.15 13:52:13 Openfire 3.6.4 [Nov 15, 2014 1:52:13 PM]
2014.11.15 13:52:15 Admin console listening at:
  http://daragh-vpceh1j1e:9090
  https://daragh-vpceh1j1e:9091
2014.11.15 13:52:15 Chinese Wall Plugin loaded...
2014.11.15 13:52:17 Packet Filter loaded...
2014.11.15 13:52:18 Started server (unencrypted) socket on port: 5269
2014.11.15 13:52:18 Started plain (unencrypted) socket on port: 5222
2014.11.15 13:52:18 Started SSL (encrypted) socket on port: 5223
2014.11.15 13:53:04 Openfire stopped
2014.11.15 13:53:04 Server halted
2014.11.15 13:53:09 Publish-Subscribe domain: pubsub.daragh-vpceh1j1e
2014.11.15 13:53:09 Multi User Chat domain: conference.daragh-vpceh1j1e
2014.11.15 13:53:09 Openfire 3.6.4 [Nov 15, 2014 1:53:09 PM]
2014.11.15 13:53:11 Admin console listening at:
  http://daragh-vpceh1j1e:9090
  https://daragh-vpceh1j1e:9091
2014.11.15 13:53:11 Chinese Wall Plugin loaded...
2014.11.15 13:53:13 Packet Filter loaded...
2014.11.15 13:53:14 Started server (unencrypted) socket on port: 5269
2014.11.15 13:53:14 Started plain (unencrypted) socket on port: 5222
2014.11.15 13:53:14 Started SSL (encrypted) socket on port: 5223
2014.11.15 13:59:21 Openfire stopped
2014.11.15 13:59:21 Server halted
2014.11.15 14:05:38 Publish-Subscribe domain: pubsub.daragh-vpceh1j1e
2014.11.15 14:05:38 Multi User Chat domain: conference.daragh-vpceh1j1e
2014.11.15 14:05:38 Openfire 3.6.4 [Nov 15, 2014 2:05:38 PM]
2014.11.15 14:05:40 Admin console listening at:
  http://daragh-vpceh1j1e:9090
  https://daragh-vpceh1j1e:9091
2014.11.15 14:05:40 Chinese Wall Plugin loaded...
2014.11.15 14:05:42 Packet Filter loaded...
2014.11.15 14:05:43 Started server (unencrypted) socket on port: 5269
2014.11.15 14:05:43 Started plain (unencrypted) socket on port: 5222
2014.11.15 14:05:43 Started SSL (encrypted) socket on port: 5223
2014.11.15 14:06:54 Openfire stopped
2014.11.15 14:06:54 Server halted
2014.11.15 14:06:58 Publish-Subscribe domain: pubsub.daragh-vpceh1j1e
2014.11.15 14:06:58 Multi User Chat domain: conference.daragh-vpceh1j1e
2014.11.15 14:06:58 Openfire 3.6.4 [Nov 15, 2014 2:06:58 PM]
2014.11.15 14:07:00 Admin console listening at:
  http://daragh-vpceh1j1e:9090
  https://daragh-vpceh1j1e:9091
2014.11.15 14:07:00 Chinese Wall Plugin loaded...
2014.11.15 14:07:02 Packet Filter loaded...
2014.11.15 14:07:02 Started server (unencrypted) socket on port: 5269
2014.11.15 14:07:02 Started plain (unencrypted) socket on port: 5222
2014.11.15 14:07:02 Started SSL (encrypted) socket on port: 5223
2014.11.15 14:08:54 Openfire stopped
2014.11.15 14:08:54 Server halted
2014.11.15 14:10:04 Publish-Subscribe domain: pubsub.daragh-vpceh1j1e
2014.11.15 14:10:04 Multi User Chat domain: conference.daragh-vpceh1j1e
2014.11.15 14:10:05 Openfire 3.6.4 [Nov 15, 2014 2:10:05 PM]
2014.11.15 14:10:06 Admin console listening at:
  http://daragh-vpceh1j1e:9090
  https://daragh-vpceh1j1e:9091
2014.11.15 14:10:06 Chinese Wall Plugin loaded...
2014.11.15 14:10:08 Packet Filter loaded...
2014.11.15 14:10:09 Started server (unencrypted) socket on port: 5269
2014.11.15 14:10:09 Started plain (unencrypted) socket on port: 5222
2014.11.15 14:10:09 Started SSL (encrypted) socket on port: 5223
2014.11.15 14:11:52 Chinese Wall Plugin loaded...
2014.11.15 14:18:17 Openfire stopped
2014.11.15 14:18:17 Server halted
2014.11.15 14:19:32 Publish-Subscribe domain: pubsub.daragh-vpceh1j1e
2014.11.15 14:19:32 Multi User Chat domain: conference.daragh-vpceh1j1e
2014.11.15 14:19:33 Openfire 3.6.4 [Nov 15, 2014 2:19:33 PM]
2014.11.15 14:19:34 Admin console listening at:
  http://daragh-vpceh1j1e:9090
  https://daragh-vpceh1j1e:9091
2014.11.15 14:19:34 Chinese Wall Plugin loaded...
2014.11.15 14:19:36 Packet Filter loaded...
2014.11.15 14:19:37 Started server (unencrypted) socket on port: 5269
2014.11.15 14:19:37 Started plain (unencrypted) socket on port: 5222
2014.11.15 14:19:37 Started SSL (encrypted) socket on port: 5223
2014.11.15 14:21:39 Openfire stopped
2014.11.15 14:21:39 Server halted
2014.11.15 14:26:32 Publish-Subscribe domain: pubsub.daragh-vpceh1j1e
2014.11.15 14:26:32 Multi User Chat domain: conference.daragh-vpceh1j1e
2014.11.15 14:26:32 Openfire 3.6.4 [Nov 15, 2014 2:26:32 PM]
2014.11.15 14:26:34 Admin console listening at:
  http://daragh-vpceh1j1e:9090
  https://daragh-vpceh1j1e:9091
2014.11.15 14:26:34 Chinese Wall Plugin loaded...
2014.11.15 14:26:36 Packet Filter loaded...
2014.11.15 14:26:37 Started server (unencrypted) socket on port: 5269
2014.11.15 14:26:37 Started plain (unencrypted) socket on port: 5222
2014.11.15 14:26:37 Started SSL (encrypted) socket on port: 5223
2014.11.15 14:26:41 Openfire stopped
2014.11.15 14:26:41 Server halted
2014.11.15 14:31:16 Publish-Subscribe domain: pubsub.daragh-vpceh1j1e
2014.11.15 14:31:16 Multi User Chat domain: conference.daragh-vpceh1j1e
2014.11.15 14:31:16 Openfire 3.6.4 [Nov 15, 2014 2:31:16 PM]
2014.11.15 14:31:18 Admin console listening at:
  http://daragh-vpceh1j1e:9090
  https://daragh-vpceh1j1e:9091
2014.11.15 14:31:18 Chinese Wall Plugin loaded...
2014.11.15 14:31:20 Packet Filter loaded...
2014.11.15 14:31:21 Started server (unencrypted) socket on port: 5269
2014.11.15 14:31:21 Started plain (unencrypted) socket on port: 5222
2014.11.15 14:31:21 Started SSL (encrypted) socket on port: 5223
2014.11.15 14:32:26 Openfire stopped
2014.11.15 14:32:26 Server halted
2014.11.15 14:32:30 Publish-Subscribe domain: pubsub.daragh-vpceh1j1e
2014.11.15 14:32:30 Multi User Chat domain: conference.daragh-vpceh1j1e
2014.11.15 14:32:30 Openfire 3.6.4 [Nov 15, 2014 2:32:30 PM]
2014.11.15 14:32:32 Admin console listening at:
  http://daragh-vpceh1j1e:9090
  https://daragh-vpceh1j1e:9091
2014.11.15 14:32:32 Chinese Wall Plugin loaded...
2014.11.15 14:32:34 Packet Filter loaded...
2014.11.15 14:32:35 Started server (unencrypted) socket on port: 5269
2014.11.15 14:32:35 Started plain (unencrypted) socket on port: 5222
2014.11.15 14:32:35 Started SSL (encrypted) socket on port: 5223
2014.11.15 14:33:59 Openfire stopped
2014.11.15 14:33:59 Server halted
2014.11.15 14:34:09 Publish-Subscribe domain: pubsub.daragh-vpceh1j1e
2014.11.15 14:34:09 Multi User Chat domain: conference.daragh-vpceh1j1e
2014.11.15 14:34:09 Openfire 3.6.4 [Nov 15, 2014 2:34:09 PM]
2014.11.15 14:34:11 Admin console listening at:
  http://daragh-vpceh1j1e:9090
  https://daragh-vpceh1j1e:9091
2014.11.15 14:34:11 Chinese Wall Plugin loaded...
2014.11.15 14:34:13 Packet Filter loaded...
2014.11.15 14:34:13 Started server (unencrypted) socket on port: 5269
2014.11.15 14:34:13 Started plain (unencrypted) socket on port: 5222
2014.11.15 14:34:13 Started SSL (encrypted) socket on port: 5223
2014.11.15 14:34:17 Openfire stopped
2014.11.15 14:34:17 Server halted
2014.11.15 14:34:41 Publish-Subscribe domain: pubsub.daragh-vpceh1j1e
2014.11.15 14:34:41 Multi User Chat domain: conference.daragh-vpceh1j1e
2014.11.15 14:34:42 Openfire 3.6.4 [Nov 15, 2014 2:34:42 PM]
2014.11.15 14:34:43 Admin console listening at:
  http://daragh-vpceh1j1e:9090
  https://daragh-vpceh1j1e:9091
2014.11.15 14:34:43 Chinese Wall Plugin loaded...
2014.11.15 14:34:46 Packet Filter loaded...
2014.11.15 14:34:46 Started server (unencrypted) socket on port: 5269
2014.11.15 14:34:46 Started plain (unencrypted) socket on port: 5222
2014.11.15 14:34:46 Started SSL (encrypted) socket on port: 5223
2014.11.15 14:38:34 Openfire stopped
2014.11.15 14:38:34 Server halted
2014.11.15 14:39:39 Publish-Subscribe domain: pubsub.daragh-vpceh1j1e
2014.11.15 14:39:39 Multi User Chat domain: conference.daragh-vpceh1j1e
2014.11.15 14:39:40 Openfire 3.6.4 [Nov 15, 2014 2:39:40 PM]
2014.11.15 14:39:42 Admin console listening at:
  http://daragh-vpceh1j1e:9090
  https://daragh-vpceh1j1e:9091
2014.11.15 14:39:42 Chinese Wall Plugin loaded...
2014.11.15 14:39:44 Packet Filter loaded...
2014.11.15 14:39:45 Started server (unencrypted) socket on port: 5269
2014.11.15 14:39:45 Started plain (unencrypted) socket on port: 5222
2014.11.15 14:39:45 Started SSL (encrypted) socket on port: 5223
2014.11.15 14:40:08 Openfire stopped
2014.11.15 14:40:08 Server halted
2014.11.15 14:40:11 Publish-Subscribe domain: pubsub.daragh-vpceh1j1e
2014.11.15 14:40:11 Multi User Chat domain: conference.daragh-vpceh1j1e
2014.11.15 14:40:12 Openfire 3.6.4 [Nov 15, 2014 2:40:12 PM]
2014.11.15 14:40:13 Admin console listening at:
  http://daragh-vpceh1j1e:9090
  https://daragh-vpceh1j1e:9091
2014.11.15 14:40:13 Chinese Wall Plugin loaded...
2014.11.15 14:40:15 Packet Filter loaded...
2014.11.15 14:40:16 Started server (unencrypted) socket on port: 5269
2014.11.15 14:40:16 Started plain (unencrypted) socket on port: 5222
2014.11.15 14:40:16 Started SSL (encrypted) socket on port: 5223
2014.11.15 14:40:57 Openfire stopped
2014.11.15 14:40:57 Server halted
2014.11.15 14:41:06 Publish-Subscribe domain: pubsub.daragh-vpceh1j1e
2014.11.15 14:41:06 Multi User Chat domain: conference.daragh-vpceh1j1e
2014.11.15 14:41:07 Openfire 3.6.4 [Nov 15, 2014 2:41:07 PM]
2014.11.15 14:41:09 Admin console listening at:
  http://daragh-vpceh1j1e:9090
  https://daragh-vpceh1j1e:9091
2014.11.15 14:41:09 Chinese Wall Plugin loaded...
2014.11.15 14:41:11 Packet Filter loaded...
2014.11.15 14:41:11 Started server (unencrypted) socket on port: 5269
2014.11.15 14:41:11 Started plain (unencrypted) socket on port: 5222
2014.11.15 14:41:11 Started SSL (encrypted) socket on port: 5223
2014.11.15 14:41:54 Chinese Wall Plugin loaded...
2014.11.15 14:42:02 Openfire stopped
2014.11.15 14:42:02 Server halted
2014.11.15 14:42:07 Publish-Subscribe domain: pubsub.daragh-vpceh1j1e
2014.11.15 14:42:07 Multi User Chat domain: conference.daragh-vpceh1j1e
2014.11.15 14:42:07 Openfire 3.6.4 [Nov 15, 2014 2:42:07 PM]
2014.11.15 14:42:09 Admin console listening at:
  http://daragh-vpceh1j1e:9090
  https://daragh-vpceh1j1e:9091
2014.11.15 14:42:09 Chinese Wall Plugin loaded...
2014.11.15 14:42:11 Packet Filter loaded...
2014.11.15 14:42:12 Started server (unencrypted) socket on port: 5269
2014.11.15 14:42:12 Started plain (unencrypted) socket on port: 5222
2014.11.15 14:42:12 Started SSL (encrypted) socket on port: 5223
2014.11.15 14:44:21 Openfire stopped
2014.11.15 14:44:21 Server halted
2014.11.15 14:44:25 Publish-Subscribe domain: pubsub.daragh-vpceh1j1e
2014.11.15 14:44:25 Multi User Chat domain: conference.daragh-vpceh1j1e
2014.11.15 14:44:25 Openfire 3.6.4 [Nov 15, 2014 2:44:25 PM]
2014.11.15 14:44:27 Admin console listening at:
  http://daragh-vpceh1j1e:9090
  https://daragh-vpceh1j1e:9091
2014.11.15 14:44:27 Chinese Wall Plugin loaded...
2014.11.15 14:44:29 Packet Filter loaded...
2014.11.15 14:44:30 Started server (unencrypted) socket on port: 5269
2014.11.15 14:44:30 Started plain (unencrypted) socket on port: 5222
2014.11.15 14:44:30 Started SSL (encrypted) socket on port: 5223
2014.11.15 14:46:09 Openfire stopped
2014.11.15 14:46:09 Server halted
2014.11.15 14:47:28 Publish-Subscribe domain: pubsub.daragh-vpceh1j1e
2014.11.15 14:47:28 Multi User Chat domain: conference.daragh-vpceh1j1e
2014.11.15 14:47:29 Openfire 3.6.4 [Nov 15, 2014 2:47:29 PM]
2014.11.15 14:47:30 Admin console listening at:
  http://daragh-vpceh1j1e:9090
  https://daragh-vpceh1j1e:9091
2014.11.15 14:47:31 Chinese Wall Plugin loaded...
2014.11.15 14:47:33 Packet Filter loaded...
2014.11.15 14:47:33 Started server (unencrypted) socket on port: 5269
2014.11.15 14:47:33 Started plain (unencrypted) socket on port: 5222
2014.11.15 14:47:33 Started SSL (encrypted) socket on port: 5223
2014.11.15 14:48:01 Openfire stopped
2014.11.15 14:48:01 Server halted
2014.11.15 14:48:06 Publish-Subscribe domain: pubsub.daragh-vpceh1j1e
2014.11.15 14:48:06 Multi User Chat domain: conference.daragh-vpceh1j1e
2014.11.15 14:48:07 Openfire 3.6.4 [Nov 15, 2014 2:48:07 PM]
2014.11.15 14:48:08 Admin console listening at:
  http://daragh-vpceh1j1e:9090
  https://daragh-vpceh1j1e:9091
2014.11.15 14:48:09 Chinese Wall Plugin loaded...
2014.11.15 14:48:11 Packet Filter loaded...
2014.11.15 14:48:11 Started server (unencrypted) socket on port: 5269
2014.11.15 14:48:11 Started plain (unencrypted) socket on port: 5222
2014.11.15 14:48:11 Started SSL (encrypted) socket on port: 5223
2014.11.15 14:49:01 Openfire stopped
2014.11.15 14:49:01 Server halted
2014.11.15 14:51:09 Publish-Subscribe domain: pubsub.daragh-vpceh1j1e
2014.11.15 14:51:09 Multi User Chat domain: conference.daragh-vpceh1j1e
2014.11.15 14:51:10 Openfire 3.6.4 [Nov 15, 2014 2:51:10 PM]
2014.11.15 14:51:11 Admin console listening at:
  http://daragh-vpceh1j1e:9090
  https://daragh-vpceh1j1e:9091
2014.11.15 14:51:11 Chinese Wall Plugin loaded...
2014.11.15 14:51:13 Packet Filter loaded...
2014.11.15 14:51:14 Started server (unencrypted) socket on port: 5269
2014.11.15 14:51:14 Started plain (unencrypted) socket on port: 5222
2014.11.15 14:51:14 Started SSL (encrypted) socket on port: 5223
2014.11.15 14:51:30 Openfire stopped
2014.11.15 14:51:30 Server halted
2014.11.15 14:51:39 Publish-Subscribe domain: pubsub.daragh-vpceh1j1e
2014.11.15 14:51:39 Multi User Chat domain: conference.daragh-vpceh1j1e
2014.11.15 14:51:40 Openfire 3.6.4 [Nov 15, 2014 2:51:40 PM]
2014.11.15 14:51:41 Admin console listening at:
  http://daragh-vpceh1j1e:9090
  https://daragh-vpceh1j1e:9091
2014.11.15 14:51:41 Chinese Wall Plugin loaded...
2014.11.15 14:51:43 Packet Filter loaded...
2014.11.15 14:51:44 Started server (unencrypted) socket on port: 5269
2014.11.15 14:51:44 Started plain (unencrypted) socket on port: 5222
2014.11.15 14:51:44 Started SSL (encrypted) socket on port: 5223
2014.11.15 14:52:42 Openfire stopped
2014.11.15 14:52:42 Server halted
2014.11.15 14:59:53 Publish-Subscribe domain: pubsub.daragh-vpceh1j1e
2014.11.15 14:59:53 Multi User Chat domain: conference.daragh-vpceh1j1e
2014.11.15 14:59:54 Openfire 3.6.4 [Nov 15, 2014 2:59:54 PM]
2014.11.15 14:59:55 Admin console listening at:
  http://daragh-vpceh1j1e:9090
  https://daragh-vpceh1j1e:9091
2014.11.15 14:59:55 Chinese Wall Plugin loaded...
2014.11.15 14:59:58 Packet Filter loaded...
2014.11.15 14:59:59 Started server (unencrypted) socket on port: 5269
2014.11.15 14:59:59 Started plain (unencrypted) socket on port: 5222
2014.11.15 14:59:59 Started SSL (encrypted) socket on port: 5223
2014.11.15 15:00:28 Openfire stopped
2014.11.15 15:00:28 Server halted
2014.11.15 15:00:33 Publish-Subscribe domain: pubsub.daragh-vpceh1j1e
2014.11.15 15:00:33 Multi User Chat domain: conference.daragh-vpceh1j1e
2014.11.15 15:00:33 Openfire 3.6.4 [Nov 15, 2014 3:00:33 PM]
2014.11.15 15:00:35 Admin console listening at:
  http://daragh-vpceh1j1e:9090
  https://daragh-vpceh1j1e:9091
2014.11.15 15:00:35 Chinese Wall Plugin loaded...
2014.11.15 15:00:37 Packet Filter loaded...
2014.11.15 15:00:38 Started server (unencrypted) socket on port: 5269
2014.11.15 15:00:38 Started plain (unencrypted) socket on port: 5222
2014.11.15 15:00:38 Started SSL (encrypted) socket on port: 5223
2014.11.15 15:06:49 Openfire stopped
2014.11.15 15:06:49 Server halted
2014.11.15 15:07:04 Publish-Subscribe domain: pubsub.daragh-vpceh1j1e
2014.11.15 15:07:04 Multi User Chat domain: conference.daragh-vpceh1j1e
2014.11.15 15:07:05 Openfire 3.6.4 [Nov 15, 2014 3:07:05 PM]
2014.11.15 15:07:06 Admin console listening at:
  http://daragh-vpceh1j1e:9090
  https://daragh-vpceh1j1e:9091
2014.11.15 15:07:06 Chinese Wall Plugin loaded...
2014.11.15 15:07:08 Packet Filter loaded...
2014.11.15 15:07:09 Started server (unencrypted) socket on port: 5269
2014.11.15 15:07:09 Started plain (unencrypted) socket on port: 5222
2014.11.15 15:07:09 Started SSL (encrypted) socket on port: 5223
2014.11.15 15:08:55 Publish-Subscribe domain: pubsub.daragh-vpceh1j1e
2014.11.15 15:08:55 Multi User Chat domain: conference.daragh-vpceh1j1e
2014.11.15 15:08:55 Openfire 3.6.4 [Nov 15, 2014 3:08:55 PM]
2014.11.15 15:08:57 Openfire stopped
2014.11.15 15:08:57 Server halted
2014.11.15 15:09:00 Openfire stopped
2014.11.15 15:09:00 Server halted
2014.11.15 15:09:05 Publish-Subscribe domain: pubsub.daragh-vpceh1j1e
2014.11.15 15:09:05 Multi User Chat domain: conference.daragh-vpceh1j1e
2014.11.15 15:09:05 Openfire 3.6.4 [Nov 15, 2014 3:09:05 PM]
2014.11.15 15:09:07 Admin console listening at:
  http://daragh-vpceh1j1e:9090
  https://daragh-vpceh1j1e:9091
2014.11.15 15:09:07 Chinese Wall Plugin loaded...
2014.11.15 15:09:09 Packet Filter loaded...
2014.11.15 15:09:10 Started server (unencrypted) socket on port: 5269
2014.11.15 15:09:10 Started plain (unencrypted) socket on port: 5222
2014.11.15 15:09:10 Started SSL (encrypted) socket on port: 5223
2014.11.15 15:23:51 Openfire stopped
2014.11.15 15:23:51 Server halted
2014.11.15 15:25:23 Publish-Subscribe domain: pubsub.daragh-vpceh1j1e
2014.11.15 15:25:23 Multi User Chat domain: conference.daragh-vpceh1j1e
2014.11.15 15:25:25 Openfire 3.6.4 [Nov 15, 2014 3:25:25 PM]
2014.11.15 15:25:27 Admin console listening at:
  http://daragh-vpceh1j1e:9090
  https://daragh-vpceh1j1e:9091
2014.11.15 15:25:27 Chinese Wall Plugin loaded...
2014.11.15 15:25:31 Packet Filter loaded...
2014.11.15 15:25:32 Started server (unencrypted) socket on port: 5269
2014.11.15 15:25:32 Started plain (unencrypted) socket on port: 5222
2014.11.15 15:25:32 Started SSL (encrypted) socket on port: 5223
2014.11.15 15:40:41 Openfire stopped
2014.11.15 15:40:41 Server halted
2014.11.15 15:45:24 Publish-Subscribe domain: pubsub.daragh-vpceh1j1e
2014.11.15 15:45:24 Multi User Chat domain: conference.daragh-vpceh1j1e
2014.11.15 15:45:24 Openfire 3.6.4 [Nov 15, 2014 3:45:24 PM]
2014.11.15 15:45:26 Admin console listening at:
  http://daragh-vpceh1j1e:9090
  https://daragh-vpceh1j1e:9091
2014.11.15 15:45:26 Chinese Wall Plugin loaded...
2014.11.15 15:45:28 Packet Filter loaded...
2014.11.15 15:45:29 Started server (unencrypted) socket on port: 5269
2014.11.15 15:45:29 Started plain (unencrypted) socket on port: 5222
2014.11.15 15:45:29 Started SSL (encrypted) socket on port: 5223
2014.11.15 15:48:48 Openfire stopped
2014.11.15 15:48:48 Server halted
2014.11.15 15:49:01 Publish-Subscribe domain: pubsub.daragh-vpceh1j1e
2014.11.15 15:49:01 Multi User Chat domain: conference.daragh-vpceh1j1e
2014.11.15 15:49:01 Openfire 3.6.4 [Nov 15, 2014 3:49:01 PM]
2014.11.15 15:49:03 Admin console listening at:
  http://daragh-vpceh1j1e:9090
  https://daragh-vpceh1j1e:9091
2014.11.15 15:49:03 Chinese Wall Plugin loaded...
2014.11.15 15:49:05 Packet Filter loaded...
2014.11.15 15:49:06 Started server (unencrypted) socket on port: 5269
2014.11.15 15:49:06 Started plain (unencrypted) socket on port: 5222
2014.11.15 15:49:06 Started SSL (encrypted) socket on port: 5223
2014.11.15 15:51:50 Openfire stopped
2014.11.15 15:51:50 Server halted
2014.11.15 15:51:54 Publish-Subscribe domain: pubsub.daragh-vpceh1j1e
2014.11.15 15:51:54 Multi User Chat domain: conference.daragh-vpceh1j1e
2014.11.15 15:51:54 Openfire 3.6.4 [Nov 15, 2014 3:51:54 PM]
2014.11.15 15:51:56 Admin console listening at:
  http://daragh-vpceh1j1e:9090
  https://daragh-vpceh1j1e:9091
2014.11.15 15:51:56 Chinese Wall Plugin loaded...
2014.11.15 15:51:58 Packet Filter loaded...
2014.11.15 15:51:58 Started server (unencrypted) socket on port: 5269
2014.11.15 15:51:58 Started plain (unencrypted) socket on port: 5222
2014.11.15 15:51:58 Started SSL (encrypted) socket on port: 5223
2014.11.15 15:53:11 Openfire stopped
2014.11.15 15:53:11 Server halted
2014.11.15 15:53:20 Publish-Subscribe domain: pubsub.daragh-vpceh1j1e
2014.11.15 15:53:20 Multi User Chat domain: conference.daragh-vpceh1j1e
2014.11.15 15:53:21 Openfire 3.6.4 [Nov 15, 2014 3:53:21 PM]
2014.11.15 15:53:23 Admin console listening at:
  http://daragh-vpceh1j1e:9090
  https://daragh-vpceh1j1e:9091
2014.11.15 15:53:23 Chinese Wall Plugin loaded...
2014.11.15 15:53:25 Packet Filter loaded...
2014.11.15 15:53:26 Started server (unencrypted) socket on port: 5269
2014.11.15 15:53:26 Started plain (unencrypted) socket on port: 5222
2014.11.15 15:53:26 Started SSL (encrypted) socket on port: 5223
2014.11.15 15:56:42 Openfire stopped
2014.11.15 15:56:42 Server halted
2014.11.15 15:56:46 Publish-Subscribe domain: pubsub.daragh-vpceh1j1e
2014.11.15 15:56:46 Multi User Chat domain: conference.daragh-vpceh1j1e
2014.11.15 15:56:47 Openfire 3.6.4 [Nov 15, 2014 3:56:47 PM]
2014.11.15 15:56:48 Admin console listening at:
  http://daragh-vpceh1j1e:9090
  https://daragh-vpceh1j1e:9091
2014.11.15 15:56:48 Chinese Wall Plugin loaded...
2014.11.15 15:56:50 Packet Filter loaded...
2014.11.15 15:56:51 Started server (unencrypted) socket on port: 5269
2014.11.15 15:56:51 Started plain (unencrypted) socket on port: 5222
2014.11.15 15:56:51 Started SSL (encrypted) socket on port: 5223
2014.11.15 15:58:03 Openfire stopped
2014.11.15 15:58:03 Server halted
2014.11.15 16:05:18 Publish-Subscribe domain: pubsub.daragh-vpceh1j1e
2014.11.15 16:05:18 Multi User Chat domain: conference.daragh-vpceh1j1e
2014.11.15 16:05:18 Openfire 3.6.4 [Nov 15, 2014 4:05:18 PM]
2014.11.15 16:05:20 Admin console listening at:
  http://daragh-vpceh1j1e:9090
  https://daragh-vpceh1j1e:9091
2014.11.15 16:05:20 Chinese Wall Plugin loaded...
2014.11.15 16:05:22 Packet Filter loaded...
2014.11.15 16:05:23 Started server (unencrypted) socket on port: 5269
2014.11.15 16:05:23 Started plain (unencrypted) socket on port: 5222
2014.11.15 16:05:23 Started SSL (encrypted) socket on port: 5223
2014.11.15 16:06:38 Openfire stopped
2014.11.15 16:06:38 Server halted
2014.11.15 16:06:43 Publish-Subscribe domain: pubsub.daragh-vpceh1j1e
2014.11.15 16:06:43 Multi User Chat domain: conference.daragh-vpceh1j1e
2014.11.15 16:06:44 Openfire 3.6.4 [Nov 15, 2014 4:06:44 PM]
2014.11.15 16:06:45 Admin console listening at:
  http://daragh-vpceh1j1e:9090
  https://daragh-vpceh1j1e:9091
2014.11.15 16:06:46 Chinese Wall Plugin loaded...
2014.11.15 16:06:48 Packet Filter loaded...
2014.11.15 16:06:48 Started server (unencrypted) socket on port: 5269
2014.11.15 16:06:48 Started plain (unencrypted) socket on port: 5222
2014.11.15 16:06:48 Started SSL (encrypted) socket on port: 5223
2014.11.15 16:11:53 Openfire stopped
2014.11.15 16:11:53 Server halted
2014.11.15 18:54:51 Publish-Subscribe domain: pubsub.daragh-vpceh1j1e
2014.11.15 18:54:51 Multi User Chat domain: conference.daragh-vpceh1j1e
2014.11.15 18:54:52 Openfire 3.6.4 [Nov 15, 2014 6:54:52 PM]
2014.11.15 18:54:53 Admin console listening at:
  http://daragh-vpceh1j1e:9090
  https://daragh-vpceh1j1e:9091
2014.11.15 18:54:54 Chinese Wall Plugin loaded...
2014.11.15 18:54:55 Packet Filter loaded...
2014.11.15 18:54:56 Started server (unencrypted) socket on port: 5269
2014.11.15 18:54:56 Started plain (unencrypted) socket on port: 5222
2014.11.15 18:54:56 Started SSL (encrypted) socket on port: 5223
2014.11.15 18:56:08 Openfire stopped
2014.11.15 18:56:08 Server halted
2014.11.15 18:56:19 Publish-Subscribe domain: pubsub.daragh-vpceh1j1e
2014.11.15 18:56:19 Multi User Chat domain: conference.daragh-vpceh1j1e
2014.11.15 18:56:19 Openfire 3.6.4 [Nov 15, 2014 6:56:19 PM]
2014.11.15 18:56:21 Admin console listening at:
  http://daragh-vpceh1j1e:9090
  https://daragh-vpceh1j1e:9091
2014.11.15 18:56:21 Chinese Wall Plugin loaded...
2014.11.15 18:56:22 Packet Filter loaded...
2014.11.15 18:56:23 Started server (unencrypted) socket on port: 5269
2014.11.15 18:56:23 Started plain (unencrypted) socket on port: 5222
2014.11.15 18:56:23 Started SSL (encrypted) socket on port: 5223
2014.11.15 18:58:51 Openfire stopped
2014.11.15 18:58:51 Server halted
2014.11.15 19:00:39 Publish-Subscribe domain: pubsub.daragh-vpceh1j1e
2014.11.15 19:00:39 Multi User Chat domain: conference.daragh-vpceh1j1e
2014.11.15 19:00:40 Openfire 3.6.4 [Nov 15, 2014 7:00:40 PM]
2014.11.15 19:00:41 Admin console listening at:
  http://daragh-vpceh1j1e:9090
  https://daragh-vpceh1j1e:9091
2014.11.15 19:00:41 Chinese Wall Plugin loaded...
2014.11.15 19:00:43 Packet Filter loaded...
2014.11.15 19:00:43 Started server (unencrypted) socket on port: 5269
2014.11.15 19:00:43 Started plain (unencrypted) socket on port: 5222
2014.11.15 19:00:43 Started SSL (encrypted) socket on port: 5223
2014.11.15 19:21:37 Openfire stopped
2014.11.15 19:21:37 Server halted
2014.11.15 19:24:06 Publish-Subscribe domain: pubsub.daragh-vpceh1j1e
2014.11.15 19:24:06 Multi User Chat domain: conference.daragh-vpceh1j1e
2014.11.15 19:24:06 Openfire 3.6.4 [Nov 15, 2014 7:24:06 PM]
2014.11.15 19:24:08 Admin console listening at:
  http://daragh-vpceh1j1e:9090
  https://daragh-vpceh1j1e:9091
2014.11.15 19:24:08 Chinese Wall Plugin loaded...
2014.11.15 19:24:09 Packet Filter loaded...
2014.11.15 19:24:10 Started server (unencrypted) socket on port: 5269
2014.11.15 19:24:10 Started plain (unencrypted) socket on port: 5222
2014.11.15 19:24:10 Started SSL (encrypted) socket on port: 5223
2014.11.15 19:27:07 Openfire stopped
2014.11.15 19:27:07 Server halted
2014.11.21 17:00:30 Publish-Subscribe domain: pubsub.daragh-vpceh1j1e
2014.11.21 17:00:30 Multi User Chat domain: conference.daragh-vpceh1j1e
2014.11.21 17:00:32 Openfire 3.6.4 [Nov 21, 2014 5:00:32 PM]
2014.11.21 17:00:34 Admin console listening at:
  http://daragh-vpceh1j1e:9090
  https://daragh-vpceh1j1e:9091
2014.11.21 17:00:35 Chinese Wall Plugin loaded...
2014.11.21 17:00:42 Packet Filter loaded...
2014.11.21 17:00:45 Started server (unencrypted) socket on port: 5269
2014.11.21 17:00:45 Started plain (unencrypted) socket on port: 5222
2014.11.21 17:00:45 Started SSL (encrypted) socket on port: 5223
2014.11.21 17:01:30 Openfire stopped
2014.11.21 17:01:30 Server halted
2014.11.21 17:01:41 Publish-Subscribe domain: pubsub.daragh-vpceh1j1e
2014.11.21 17:01:41 Multi User Chat domain: conference.daragh-vpceh1j1e
2014.11.21 17:01:41 Openfire 3.6.4 [Nov 21, 2014 5:01:41 PM]
2014.11.21 17:01:43 Admin console listening at:
  http://daragh-vpceh1j1e:9090
  https://daragh-vpceh1j1e:9091
2014.11.21 17:01:43 Chinese Wall Plugin loaded...
2014.11.21 17:01:45 Packet Filter loaded...
2014.11.21 17:01:45 Started server (unencrypted) socket on port: 5269
2014.11.21 17:01:45 Started plain (unencrypted) socket on port: 5222
2014.11.21 17:01:45 Started SSL (encrypted) socket on port: 5223
2014.11.21 17:09:03 Openfire stopped
2014.11.21 17:09:03 Server halted
2014.11.21 17:12:11 Publish-Subscribe domain: pubsub.daragh-vpceh1j1e
2014.11.21 17:12:11 Multi User Chat domain: conference.daragh-vpceh1j1e
2014.11.21 17:12:12 Openfire 3.6.4 [Nov 21, 2014 5:12:12 PM]
2014.11.21 17:12:14 Admin console listening at:
  http://daragh-vpceh1j1e:9090
  https://daragh-vpceh1j1e:9091
2014.11.21 17:12:14 Chinese Wall Plugin loaded...
2014.11.21 17:12:15 Packet Filter loaded...
2014.11.21 17:12:16 Started server (unencrypted) socket on port: 5269
2014.11.21 17:12:16 Started plain (unencrypted) socket on port: 5222
2014.11.21 17:12:16 Started SSL (encrypted) socket on port: 5223
2014.11.21 17:14:09 Openfire stopped
2014.11.21 17:14:09 Server halted
2014.11.21 17:17:54 Publish-Subscribe domain: pubsub.daragh-vpceh1j1e
2014.11.21 17:17:54 Multi User Chat domain: conference.daragh-vpceh1j1e
2014.11.21 17:17:54 Openfire 3.6.4 [Nov 21, 2014 5:17:54 PM]
2014.11.21 17:17:56 Admin console listening at:
  http://daragh-vpceh1j1e:9090
  https://daragh-vpceh1j1e:9091
2014.11.21 17:17:56 Chinese Wall Plugin loaded...
2014.11.21 17:17:58 Packet Filter loaded...
2014.11.21 17:17:58 Started server (unencrypted) socket on port: 5269
2014.11.21 17:17:59 Started plain (unencrypted) socket on port: 5222
2014.11.21 17:17:59 Started SSL (encrypted) socket on port: 5223
2014.11.21 17:18:43 Openfire stopped
2014.11.21 17:18:43 Server halted
2014.11.21 17:19:57 Publish-Subscribe domain: pubsub.daragh-vpceh1j1e
2014.11.21 17:19:57 Multi User Chat domain: conference.daragh-vpceh1j1e
2014.11.21 17:19:58 Openfire 3.6.4 [Nov 21, 2014 5:19:58 PM]
2014.11.21 17:19:59 Admin console listening at:
  http://daragh-vpceh1j1e:9090
  https://daragh-vpceh1j1e:9091
2014.11.21 17:19:59 Chinese Wall Plugin loaded...
2014.11.21 17:20:01 Packet Filter loaded...
2014.11.21 17:20:01 Started server (unencrypted) socket on port: 5269
2014.11.21 17:20:01 Started plain (unencrypted) socket on port: 5222
2014.11.21 17:20:01 Started SSL (encrypted) socket on port: 5223
2014.11.21 17:23:36 Openfire stopped
2014.11.21 17:23:36 Server halted
2014.11.21 17:42:46 Publish-Subscribe domain: pubsub.daragh-vpceh1j1e
2014.11.21 17:42:46 Multi User Chat domain: conference.daragh-vpceh1j1e
2014.11.21 17:42:46 Openfire 3.6.4 [Nov 21, 2014 5:42:46 PM]
2014.11.21 17:42:48 Admin console listening at:
  http://daragh-vpceh1j1e:9090
  https://daragh-vpceh1j1e:9091
2014.11.21 17:42:48 Chinese Wall Plugin loaded...
2014.11.21 17:42:49 Packet Filter loaded...
2014.11.21 17:42:50 Started server (unencrypted) socket on port: 5269
2014.11.21 17:42:50 Started plain (unencrypted) socket on port: 5222
2014.11.21 17:42:50 Started SSL (encrypted) socket on port: 5223
2014.11.21 17:47:58 Openfire stopped
2014.11.21 17:47:58 Server halted
2014.11.21 17:50:21 Publish-Subscribe domain: pubsub.daragh-vpceh1j1e
2014.11.21 17:50:21 Multi User Chat domain: conference.daragh-vpceh1j1e
2014.11.21 17:50:22 Openfire 3.6.4 [Nov 21, 2014 5:50:22 PM]
2014.11.21 17:50:23 Admin console listening at:
  http://daragh-vpceh1j1e:9090
  https://daragh-vpceh1j1e:9091
2014.11.21 17:50:24 Chinese Wall Plugin loaded...
2014.11.21 17:50:25 Packet Filter loaded...
2014.11.21 17:50:26 Started server (unencrypted) socket on port: 5269
2014.11.21 17:50:26 Started plain (unencrypted) socket on port: 5222
2014.11.21 17:50:26 Started SSL (encrypted) socket on port: 5223
2014.11.21 18:01:06 Openfire stopped
2014.11.21 18:01:06 Server halted
2014.11.21 18:33:16 Publish-Subscribe domain: pubsub.daragh-vpceh1j1e
2014.11.21 18:33:16 Multi User Chat domain: conference.daragh-vpceh1j1e
2014.11.21 18:33:16 Openfire 3.6.4 [Nov 21, 2014 6:33:16 PM]
2014.11.21 18:33:18 Admin console listening at:
  http://daragh-vpceh1j1e:9090
  https://daragh-vpceh1j1e:9091
2014.11.21 18:33:18 Chinese Wall Plugin loaded...
2014.11.21 18:33:20 Packet Filter loaded...
2014.11.21 18:33:21 Started server (unencrypted) socket on port: 5269
2014.11.21 18:33:21 Started plain (unencrypted) socket on port: 5222
2014.11.21 18:33:21 Started SSL (encrypted) socket on port: 5223
2014.11.21 18:34:17 Openfire stopped
2014.11.21 18:34:17 Server halted
2014.11.21 18:34:34 Publish-Subscribe domain: pubsub.daragh-vpceh1j1e
2014.11.21 18:34:34 Multi User Chat domain: conference.daragh-vpceh1j1e
2014.11.21 18:34:35 Openfire 3.6.4 [Nov 21, 2014 6:34:35 PM]
2014.11.21 18:34:37 Admin console listening at:
  http://daragh-vpceh1j1e:9090
  https://daragh-vpceh1j1e:9091
2014.11.21 18:34:37 Chinese Wall Plugin loaded...
2014.11.21 18:34:38 Packet Filter loaded...
2014.11.21 18:34:39 Started server (unencrypted) socket on port: 5269
2014.11.21 18:34:39 Started plain (unencrypted) socket on port: 5222
2014.11.21 18:34:39 Started SSL (encrypted) socket on port: 5223
2014.11.21 18:42:02 Openfire stopped
2014.11.21 18:42:02 Server halted
2014.11.21 19:29:27 Publish-Subscribe domain: pubsub.daragh-vpceh1j1e
2014.11.21 19:29:27 Multi User Chat domain: conference.daragh-vpceh1j1e
2014.11.21 19:29:27 Openfire 3.6.4 [Nov 21, 2014 7:29:27 PM]
2014.11.21 19:29:29 Admin console listening at:
  http://daragh-vpceh1j1e:9090
  https://daragh-vpceh1j1e:9091
2014.11.21 19:29:29 Chinese Wall Plugin loaded...
2014.11.21 19:29:30 Packet Filter loaded...
2014.11.21 19:29:31 Started server (unencrypted) socket on port: 5269
2014.11.21 19:29:31 Started plain (unencrypted) socket on port: 5222
2014.11.21 19:29:31 Started SSL (encrypted) socket on port: 5223
2014.11.21 19:32:41 Openfire stopped
2014.11.21 19:32:41 Server halted
2014.11.21 19:32:51 Publish-Subscribe domain: pubsub.daragh-vpceh1j1e
2014.11.21 19:32:51 Multi User Chat domain: conference.daragh-vpceh1j1e
2014.11.21 19:32:52 Openfire 3.6.4 [Nov 21, 2014 7:32:52 PM]
2014.11.21 19:32:54 Admin console listening at:
  http://daragh-vpceh1j1e:9090
  https://daragh-vpceh1j1e:9091
2014.11.21 19:32:54 Chinese Wall Plugin loaded...
2014.11.21 19:32:55 Packet Filter loaded...
2014.11.21 19:32:56 Started server (unencrypted) socket on port: 5269
2014.11.21 19:32:56 Started plain (unencrypted) socket on port: 5222
2014.11.21 19:32:56 Started SSL (encrypted) socket on port: 5223
2014.11.21 19:35:02 Openfire stopped
2014.11.21 19:35:02 Server halted
2014.11.21 19:35:13 Publish-Subscribe domain: pubsub.daragh-vpceh1j1e
2014.11.21 19:35:13 Multi User Chat domain: conference.daragh-vpceh1j1e
2014.11.21 19:35:14 Openfire 3.6.4 [Nov 21, 2014 7:35:14 PM]
2014.11.21 19:35:15 Admin console listening at:
  http://daragh-vpceh1j1e:9090
  https://daragh-vpceh1j1e:9091
2014.11.21 19:35:15 Chinese Wall Plugin loaded...
2014.11.21 19:35:17 Packet Filter loaded...
2014.11.21 19:35:17 Started server (unencrypted) socket on port: 5269
2014.11.21 19:35:17 Started plain (unencrypted) socket on port: 5222
2014.11.21 19:35:17 Started SSL (encrypted) socket on port: 5223
2014.11.21 19:36:51 Openfire stopped
2014.11.21 19:36:51 Server halted
2014.11.21 19:36:57 Publish-Subscribe domain: pubsub.daragh-vpceh1j1e
2014.11.21 19:36:57 Multi User Chat domain: conference.daragh-vpceh1j1e
2014.11.21 19:36:57 Openfire 3.6.4 [Nov 21, 2014 7:36:57 PM]
2014.11.21 19:36:59 Admin console listening at:
  http://daragh-vpceh1j1e:9090
  https://daragh-vpceh1j1e:9091
2014.11.21 19:36:59 Chinese Wall Plugin loaded...
2014.11.21 19:37:01 Packet Filter loaded...
2014.11.21 19:37:01 Started server (unencrypted) socket on port: 5269
2014.11.21 19:37:01 Started plain (unencrypted) socket on port: 5222
2014.11.21 19:37:01 Started SSL (encrypted) socket on port: 5223
2014.11.21 19:38:47 Openfire stopped
2014.11.21 19:38:47 Server halted
2014.11.23 14:05:43 Publish-Subscribe domain: pubsub.daragh-vpceh1j1e
2014.11.23 14:05:44 Multi User Chat domain: conference.daragh-vpceh1j1e
2014.11.23 14:05:45 Openfire 3.6.4 [Nov 23, 2014 2:05:45 PM]
2014.11.23 14:05:48 Admin console listening at:
  http://daragh-vpceh1j1e:9090
  https://daragh-vpceh1j1e:9091
2014.11.23 14:05:48 Chinese Wall Plugin loaded...
2014.11.23 14:05:51 Packet Filter loaded...
2014.11.23 14:05:53 Started server (unencrypted) socket on port: 5269
2014.11.23 14:05:53 Started plain (unencrypted) socket on port: 5222
2014.11.23 14:05:53 Started SSL (encrypted) socket on port: 5223
2014.11.23 14:11:01 Openfire stopped
2014.11.23 14:11:01 Server halted
2014.11.23 14:12:50 Publish-Subscribe domain: pubsub.daragh-vpceh1j1e
2014.11.23 14:12:50 Multi User Chat domain: conference.daragh-vpceh1j1e
2014.11.23 14:12:50 Openfire 3.6.4 [Nov 23, 2014 2:12:50 PM]
2014.11.23 14:12:52 Admin console listening at:
  http://daragh-vpceh1j1e:9090
  https://daragh-vpceh1j1e:9091
2014.11.23 14:12:52 Chinese Wall Plugin loaded...
2014.11.23 14:12:54 Packet Filter loaded...
2014.11.23 14:12:55 Started server (unencrypted) socket on port: 5269
2014.11.23 14:12:55 Started plain (unencrypted) socket on port: 5222
2014.11.23 14:12:55 Started SSL (encrypted) socket on port: 5223
2014.11.23 14:17:45 Chinese Wall : Packet from daragh to joe was intercepted.
2014.11.23 14:20:27 Openfire stopped
2014.11.23 14:20:27 Server halted
2014.11.23 14:20:38 Publish-Subscribe domain: pubsub.daragh-vpceh1j1e
2014.11.23 14:20:38 Multi User Chat domain: conference.daragh-vpceh1j1e
2014.11.23 14:20:38 Openfire 3.6.4 [Nov 23, 2014 2:20:38 PM]
2014.11.23 14:20:40 Admin console listening at:
  http://daragh-vpceh1j1e:9090
  https://daragh-vpceh1j1e:9091
2014.11.23 14:20:40 Chinese Wall Plugin loaded...
2014.11.23 14:20:41 Packet Filter loaded...
2014.11.23 14:20:42 Started server (unencrypted) socket on port: 5269
2014.11.23 14:20:42 Started plain (unencrypted) socket on port: 5222
2014.11.23 14:20:42 Started SSL (encrypted) socket on port: 5223
2014.11.23 14:23:01 Openfire stopped
2014.11.23 14:23:01 Server halted
2014.11.23 14:33:59 Publish-Subscribe domain: pubsub.daragh-vpceh1j1e
2014.11.23 14:33:59 Multi User Chat domain: conference.daragh-vpceh1j1e
2014.11.23 14:33:59 Openfire 3.6.4 [Nov 23, 2014 2:33:59 PM]
2014.11.23 14:34:01 Admin console listening at:
  http://daragh-vpceh1j1e:9090
  https://daragh-vpceh1j1e:9091
2014.11.23 14:34:01 Chinese Wall Plugin loaded...
2014.11.23 14:34:03 Packet Filter loaded...
2014.11.23 14:34:04 Started server (unencrypted) socket on port: 5269
2014.11.23 14:34:04 Started plain (unencrypted) socket on port: 5222
2014.11.23 14:34:04 Started SSL (encrypted) socket on port: 5223
2014.11.23 14:34:20 Chinese Wall : Packet from joe to aidan was intercepted.
2014.11.23 14:35:23 Chinese Wall : Packet from joe to aidan was intercepted.
2014.11.23 14:35:23 Chinese Wall : Packet from joe to aidan was intercepted.
2014.11.23 14:35:23 Chinese Wall : Packet from joe to aidan was intercepted.
2014.11.23 14:35:31 Chinese Wall : Packet from joe to aidan was intercepted.
2014.11.23 14:35:32 Chinese Wall : Packet from joe to aidan was intercepted.
2014.11.23 14:35:33 Chinese Wall : Packet from joe to aidan was intercepted.
2014.11.23 14:35:33 Chinese Wall : Packet from joe to aidan was intercepted.
2014.11.23 14:35:56 Chinese Wall : Packet from aidan to joe was intercepted.
2014.11.23 14:36:06 Chinese Wall : Packet from aidan to joe was intercepted.
2014.11.23 14:36:17 Chinese Wall : Packet from joe to aidan was intercepted.
2014.11.23 14:36:18 Chinese Wall : Packet from joe to aidan was intercepted.
2014.11.23 14:36:18 Chinese Wall : Packet from joe to aidan was intercepted.
2014.11.23 14:36:37 Chinese Wall : Packet from joe to aidan was intercepted.
2014.11.23 14:36:40 Chinese Wall : Packet from joe to aidan was intercepted.
2014.11.23 14:36:41 Chinese Wall : Packet from joe to aidan was intercepted.
2014.11.23 14:36:43 Chinese Wall : Packet from joe to aidan was intercepted.
2014.11.23 14:36:43 Chinese Wall : Packet from joe to aidan was intercepted.
2014.11.23 14:37:47 Openfire stopped
2014.11.23 14:37:47 Server halted
2014.11.23 14:39:45 Publish-Subscribe domain: pubsub.daragh-vpceh1j1e
2014.11.23 14:39:45 Multi User Chat domain: conference.daragh-vpceh1j1e
2014.11.23 14:39:45 Openfire 3.6.4 [Nov 23, 2014 2:39:45 PM]
2014.11.23 14:39:47 Admin console listening at:
  http://daragh-vpceh1j1e:9090
  https://daragh-vpceh1j1e:9091
2014.11.23 14:39:47 Chinese Wall Plugin loaded...
2014.11.23 14:39:49 Packet Filter loaded...
2014.11.23 14:39:49 Started server (unencrypted) socket on port: 5269
2014.11.23 14:39:49 Started plain (unencrypted) socket on port: 5222
2014.11.23 14:39:49 Started SSL (encrypted) socket on port: 5223
2014.11.23 14:41:58 Chinese Wall : Packet from aidan to joe was intercepted.
2014.11.23 14:42:00 Chinese Wall : Packet from joe to aidan was intercepted.
2014.11.23 14:42:00 Chinese Wall : Packet from joe to aidan was intercepted.
2014.11.23 14:42:00 Chinese Wall : Packet from joe to aidan was intercepted.
2014.11.23 14:42:04 Chinese Wall : Packet from joe to aidan was intercepted.
2014.11.23 14:42:41 Openfire stopped
2014.11.23 14:42:41 Server halted
2014.11.23 14:43:24 Publish-Subscribe domain: pubsub.daragh-vpceh1j1e
2014.11.23 14:43:24 Multi User Chat domain: conference.daragh-vpceh1j1e
2014.11.23 14:43:25 Openfire 3.6.4 [Nov 23, 2014 2:43:25 PM]
2014.11.23 14:43:26 Admin console listening at:
  http://daragh-vpceh1j1e:9090
  https://daragh-vpceh1j1e:9091
2014.11.23 14:43:26 Chinese Wall Plugin loaded...
2014.11.23 14:43:28 Packet Filter loaded...
2014.11.23 14:43:28 Started server (unencrypted) socket on port: 5269
2014.11.23 14:43:28 Started plain (unencrypted) socket on port: 5222
2014.11.23 14:43:28 Started SSL (encrypted) socket on port: 5223
2014.11.23 14:44:50 Openfire stopped
2014.11.23 14:44:50 Server halted
2014.11.23 14:44:57 Publish-Subscribe domain: pubsub.daragh-vpceh1j1e
2014.11.23 14:44:57 Multi User Chat domain: conference.daragh-vpceh1j1e
2014.11.23 14:44:58 Openfire 3.6.4 [Nov 23, 2014 2:44:58 PM]
2014.11.23 14:44:59 Admin console listening at:
  http://daragh-vpceh1j1e:9090
  https://daragh-vpceh1j1e:9091
2014.11.23 14:45:00 Chinese Wall Plugin loaded...
2014.11.23 14:45:01 Packet Filter loaded...
2014.11.23 14:45:02 Started server (unencrypted) socket on port: 5269
2014.11.23 14:45:02 Started plain (unencrypted) socket on port: 5222
2014.11.23 14:45:02 Started SSL (encrypted) socket on port: 5223
2014.11.23 14:45:35 Openfire stopped
2014.11.23 14:45:35 Server halted
2014.11.23 14:45:46 Publish-Subscribe domain: pubsub.daragh-vpceh1j1e
2014.11.23 14:45:46 Multi User Chat domain: conference.daragh-vpceh1j1e
2014.11.23 14:45:47 Openfire 3.6.4 [Nov 23, 2014 2:45:47 PM]
2014.11.23 14:45:48 Admin console listening at:
  http://daragh-vpceh1j1e:9090
  https://daragh-vpceh1j1e:9091
2014.11.23 14:45:49 Chinese Wall Plugin loaded...
2014.11.23 14:45:50 Packet Filter loaded...
2014.11.23 14:45:50 Started server (unencrypted) socket on port: 5269
2014.11.23 14:45:50 Started plain (unencrypted) socket on port: 5222
2014.11.23 14:45:50 Started SSL (encrypted) socket on port: 5223
2014.11.23 14:47:08 Openfire stopped
2014.11.23 14:47:08 Server halted
2014.11.23 15:06:18 Publish-Subscribe domain: pubsub.daragh-vpceh1j1e
2014.11.23 15:06:18 Multi User Chat domain: conference.daragh-vpceh1j1e
2014.11.23 15:06:18 Openfire 3.6.4 [Nov 23, 2014 3:06:18 PM]
2014.11.23 15:06:20 Admin console listening at:
  http://daragh-vpceh1j1e:9090
  https://daragh-vpceh1j1e:9091
2014.11.23 15:06:20 Chinese Wall Plugin loaded...
2014.11.23 15:06:22 Packet Filter loaded...
2014.11.23 15:06:22 Started server (unencrypted) socket on port: 5269
2014.11.23 15:06:22 Started plain (unencrypted) socket on port: 5222
2014.11.23 15:06:22 Started SSL (encrypted) socket on port: 5223
2014.11.23 15:11:24 Openfire stopped
2014.11.23 15:11:24 Server halted
2014.11.23 15:11:29 Publish-Subscribe domain: pubsub.daragh-vpceh1j1e
2014.11.23 15:11:29 Multi User Chat domain: conference.daragh-vpceh1j1e
2014.11.23 15:11:30 Openfire 3.6.4 [Nov 23, 2014 3:11:30 PM]
2014.11.23 15:11:31 Admin console listening at:
  http://daragh-vpceh1j1e:9090
  https://daragh-vpceh1j1e:9091
2014.11.23 15:11:31 Chinese Wall Plugin loaded...
2014.11.23 15:11:33 Packet Filter loaded...
2014.11.23 15:11:33 Started server (unencrypted) socket on port: 5269
2014.11.23 15:11:33 Started plain (unencrypted) socket on port: 5222
2014.11.23 15:11:33 Started SSL (encrypted) socket on port: 5223
2014.11.23 15:13:55 Openfire stopped
2014.11.23 15:13:55 Server halted
2014.11.23 15:14:05 Publish-Subscribe domain: pubsub.daragh-vpceh1j1e
2014.11.23 15:14:05 Multi User Chat domain: conference.daragh-vpceh1j1e
2014.11.23 15:14:05 Openfire 3.6.4 [Nov 23, 2014 3:14:05 PM]
2014.11.23 15:14:09 Admin console listening at:
  http://daragh-vpceh1j1e:9090
  https://daragh-vpceh1j1e:9091
2014.11.23 15:14:10 Chinese Wall Plugin loaded...
2014.11.23 15:14:13 Packet Filter loaded...
2014.11.23 15:14:14 Started server (unencrypted) socket on port: 5269
2014.11.23 15:14:14 Started plain (unencrypted) socket on port: 5222
2014.11.23 15:14:14 Started SSL (encrypted) socket on port: 5223
2014.11.23 15:24:03 Openfire stopped
2014.11.23 15:24:03 Server halted
2014.11.23 15:24:23 Publish-Subscribe domain: pubsub.daragh-vpceh1j1e
2014.11.23 15:24:23 Multi User Chat domain: conference.daragh-vpceh1j1e
2014.11.23 15:24:24 Openfire 3.6.4 [Nov 23, 2014 3:24:24 PM]
2014.11.23 15:24:26 Admin console listening at:
  http://daragh-vpceh1j1e:9090
  https://daragh-vpceh1j1e:9091
2014.11.23 15:24:26 Chinese Wall Plugin loaded...
2014.11.23 15:24:27 Packet Filter loaded...
2014.11.23 15:24:28 Started server (unencrypted) socket on port: 5269
2014.11.23 15:24:28 Started plain (unencrypted) socket on port: 5222
2014.11.23 15:24:28 Started SSL (encrypted) socket on port: 5223
2014.11.23 15:25:44 Openfire stopped
2014.11.23 15:25:44 Server halted
2014.11.23 15:25:49 Publish-Subscribe domain: pubsub.daragh-vpceh1j1e
2014.11.23 15:25:49 Multi User Chat domain: conference.daragh-vpceh1j1e
2014.11.23 15:25:49 Openfire 3.6.4 [Nov 23, 2014 3:25:49 PM]
2014.11.23 15:25:51 Admin console listening at:
  http://daragh-vpceh1j1e:9090
  https://daragh-vpceh1j1e:9091
2014.11.23 15:25:51 Chinese Wall Plugin loaded...
2014.11.23 15:25:52 Packet Filter loaded...
2014.11.23 15:25:53 Started server (unencrypted) socket on port: 5269
2014.11.23 15:25:53 Started plain (unencrypted) socket on port: 5222
2014.11.23 15:25:53 Started SSL (encrypted) socket on port: 5223
2014.11.23 15:27:35 Openfire stopped
2014.11.23 15:27:35 Server halted
2014.11.23 15:27:40 Publish-Subscribe domain: pubsub.daragh-vpceh1j1e
2014.11.23 15:27:40 Multi User Chat domain: conference.daragh-vpceh1j1e
2014.11.23 15:27:41 Openfire 3.6.4 [Nov 23, 2014 3:27:41 PM]
2014.11.23 15:27:42 Admin console listening at:
  http://daragh-vpceh1j1e:9090
  https://daragh-vpceh1j1e:9091
2014.11.23 15:27:42 Chinese Wall Plugin loaded...
2014.11.23 15:27:44 Packet Filter loaded...
2014.11.23 15:27:44 Started server (unencrypted) socket on port: 5269
2014.11.23 15:27:44 Started plain (unencrypted) socket on port: 5222
2014.11.23 15:27:44 Started SSL (encrypted) socket on port: 5223
2014.11.23 15:28:04 Chinese Wall : Packet from joe to aidan was intercepted.
2014.11.23 15:28:04 Chinese Wall : Packet from joe to aidan was intercepted.
2014.11.23 15:28:05 Chinese Wall : Packet from joe to aidan was intercepted.
2014.11.23 15:28:11 Chinese Wall : Packet from aidan to joe was intercepted.
2014.11.23 15:28:11 Chinese Wall : Packet from aidan to joe was intercepted.
2014.11.23 15:28:11 Chinese Wall : Packet from aidan to joe was intercepted.
2014.11.23 15:28:24 Chinese Wall : Packet from joe to aidan was intercepted.
2014.11.23 15:28:30 Chinese Wall : Packet from joe to aidan was intercepted.
2014.11.23 15:28:30 Chinese Wall : Packet from joe to aidan was intercepted.
2014.11.23 15:28:32 Chinese Wall : Packet from aidan to joe was intercepted.
2014.11.23 15:28:35 Chinese Wall : Packet from aidan to joe was intercepted.
2014.11.23 15:28:35 Chinese Wall : Packet from aidan to joe was intercepted.
2014.11.23 15:28:37 Chinese Wall : Packet from aidan to joe was intercepted.
2014.11.23 15:28:38 Chinese Wall : Packet from aidan to joe was intercepted.
2014.11.23 15:28:38 Chinese Wall : Packet from aidan to joe was intercepted.
2014.11.23 15:28:40 Chinese Wall : Packet from joe to aidan was intercepted.
2014.11.23 15:29:05 Chinese Wall : Packet from aidan to joe was intercepted.
2014.11.23 15:29:07 Chinese Wall : Packet from joe to aidan was intercepted.
2014.11.23 15:57:57 Chinese Wall : Packet from aidan to joe was intercepted.
2014.11.23 15:57:58 Chinese Wall : Packet from aidan to joe was intercepted.
2014.11.23 15:57:58 Chinese Wall : Packet from aidan to joe was intercepted.
2014.11.23 15:58:47 Chinese Wall : Packet from aidan to joe was intercepted.
2014.11.23 16:08:59 Openfire stopped
2014.11.23 16:08:59 Server halted
2014.11.23 16:13:26 Publish-Subscribe domain: pubsub.daragh-vpceh1j1e
2014.11.23 16:13:26 Multi User Chat domain: conference.daragh-vpceh1j1e
2014.11.23 16:13:27 Openfire 3.6.4 [Nov 23, 2014 4:13:27 PM]
2014.11.23 16:13:29 Admin console listening at:
  http://daragh-vpceh1j1e:9090
  https://daragh-vpceh1j1e:9091
2014.11.23 16:13:29 Chinese Wall Plugin loaded...
2014.11.23 16:13:31 Packet Filter loaded...
2014.11.23 16:13:32 Started server (unencrypted) socket on port: 5269
2014.11.23 16:13:32 Started plain (unencrypted) socket on port: 5222
2014.11.23 16:13:32 Started SSL (encrypted) socket on port: 5223
2014.11.23 16:23:03 Openfire stopped
2014.11.23 16:23:03 Server halted
2014.11.23 16:23:14 Publish-Subscribe domain: pubsub.daragh-vpceh1j1e
2014.11.23 16:23:14 Multi User Chat domain: conference.daragh-vpceh1j1e
2014.11.23 16:23:15 Openfire 3.6.4 [Nov 23, 2014 4:23:15 PM]
2014.11.23 16:23:16 Admin console listening at:
  http://daragh-vpceh1j1e:9090
  https://daragh-vpceh1j1e:9091
2014.11.23 16:23:16 Chinese Wall Plugin loaded...
2014.11.23 16:23:18 Packet Filter loaded...
2014.11.23 16:23:18 Started server (unencrypted) socket on port: 5269
2014.11.23 16:23:18 Started plain (unencrypted) socket on port: 5222
2014.11.23 16:23:18 Started SSL (encrypted) socket on port: 5223
2014.11.23 16:23:46 Chinese Wall : Packet from aidan to joe was intercepted.
2014.11.23 16:24:08 Chinese Wall : Packet from aidan to joe was intercepted.
2014.11.23 16:24:44 Chinese Wall : Packet from joe to aidan was intercepted.
2014.11.23 16:26:48 Openfire stopped
2014.11.23 16:26:48 Server halted
